{"C:\\Users\\Deepa\\Desktop\\web_backend\\src\\app.ts": {"path":"C:\\Users\\Deepa\\Desktop\\web_backend\\src\\app.ts","statementMap":{"0":{"start":{"line":1,"column":0},"end":{"line":1,"column":66}},"1":{"start":{"line":2,"column":0},"end":{"line":2,"column":37}},"2":{"start":{"line":3,"column":0},"end":{"line":3,"column":28}},"3":{"start":{"line":4,"column":0},"end":{"line":4,"column":24}},"4":{"start":{"line":5,"column":0},"end":{"line":5,"column":24}},"5":{"start":{"line":6,"column":0},"end":{"line":6,"column":48}},"6":{"start":{"line":9,"column":0},"end":{"line":9,"column":45}},"7":{"start":{"line":10,"column":0},"end":{"line":10,"column":47}},"8":{"start":{"line":11,"column":0},"end":{"line":11,"column":49}},"9":{"start":{"line":12,"column":0},"end":{"line":12,"column":54}},"10":{"start":{"line":13,"column":0},"end":{"line":13,"column":63}},"11":{"start":{"line":15,"column":0},"end":{"line":15,"column":16}},"12":{"start":{"line":17,"column":25},"end":{"line":17,"column":34}},"13":{"start":{"line":19,"column":18},"end":{"line":26,"column":2}},"14":{"start":{"line":22,"column":8},"end":{"line":22,"column":29}},"15":{"start":{"line":29,"column":0},"end":{"line":29,"column":27}},"16":{"start":{"line":32,"column":0},"end":{"line":32,"column":70}},"17":{"start":{"line":35,"column":0},"end":{"line":35,"column":27}},"18":{"start":{"line":36,"column":0},"end":{"line":36,"column":51}},"19":{"start":{"line":39,"column":0},"end":{"line":39,"column":33}},"20":{"start":{"line":40,"column":0},"end":{"line":40,"column":35}},"21":{"start":{"line":41,"column":0},"end":{"line":41,"column":37}},"22":{"start":{"line":42,"column":0},"end":{"line":42,"column":43}},"23":{"start":{"line":43,"column":0},"end":{"line":43,"column":48}},"24":{"start":{"line":46,"column":0},"end":{"line":48,"column":3}},"25":{"start":{"line":47,"column":4},"end":{"line":47,"column":82}},"26":{"start":{"line":51,"column":0},"end":{"line":56,"column":3}},"27":{"start":{"line":52,"column":4},"end":{"line":54,"column":5}},"28":{"start":{"line":53,"column":8},"end":{"line":53,"column":89}},"29":{"start":{"line":55,"column":4},"end":{"line":55,"column":101}},"30":{"start":{"line":58,"column":0},"end":{"line":58,"column":19}}},"fnMap":{"0":{"name":"(anonymous_1)","decl":{"start":{"line":20,"column":12},"end":{"line":20,"column":13}},"loc":{"start":{"line":20,"column":43},"end":{"line":23,"column":5}}},"1":{"name":"(anonymous_2)","decl":{"start":{"line":46,"column":13},"end":{"line":46,"column":14}},"loc":{"start":{"line":46,"column":45},"end":{"line":48,"column":1}}},"2":{"name":"(anonymous_3)","decl":{"start":{"line":51,"column":8},"end":{"line":51,"column":9}},"loc":{"start":{"line":51,"column":68},"end":{"line":56,"column":1}}}},"branchMap":{"0":{"loc":{"start":{"line":52,"column":4},"end":{"line":54,"column":5}},"type":"if","locations":[{"start":{"line":52,"column":4},"end":{"line":54,"column":5}},{"start":{},"end":{}}]},"1":{"loc":{"start":{"line":55,"column":59},"end":{"line":55,"column":97}},"type":"binary-expr","locations":[{"start":{"line":55,"column":59},"end":{"line":55,"column":70}},{"start":{"line":55,"column":74},"end":{"line":55,"column":97}}]}},"s":{"0":6,"1":6,"2":6,"3":6,"4":6,"5":6,"6":6,"7":6,"8":6,"9":6,"10":6,"11":6,"12":6,"13":6,"14":371,"15":6,"16":6,"17":6,"18":6,"19":6,"20":6,"21":6,"22":6,"23":6,"24":6,"25":0,"26":6,"27":1,"28":0,"29":1,"30":6},"f":{"0":371,"1":0,"2":1},"b":{"0":[0,1],"1":[1,0]}}
,"C:\\Users\\Deepa\\Desktop\\web_backend\\src\\config\\email.ts": {"path":"C:\\Users\\Deepa\\Desktop\\web_backend\\src\\config\\email.ts","statementMap":{"0":{"start":{"line":1,"column":0},"end":{"line":1,"column":36}},"1":{"start":{"line":2,"column":0},"end":{"line":2,"column":28}},"2":{"start":{"line":4,"column":0},"end":{"line":4,"column":16}},"3":{"start":{"line":6,"column":19},"end":{"line":6,"column":76}},"4":{"start":{"line":7,"column":19},"end":{"line":7,"column":56}},"5":{"start":{"line":9,"column":13},"end":{"line":15,"column":3}},"6":{"start":{"line":17,"column":25},"end":{"line":28,"column":1}},"7":{"start":{"line":18,"column":4},"end":{"line":20,"column":5}},"8":{"start":{"line":19,"column":8},"end":{"line":19,"column":87}},"9":{"start":{"line":21,"column":24},"end":{"line":26,"column":6}},"10":{"start":{"line":27,"column":4},"end":{"line":27,"column":44}},"11":{"start":{"line":17,"column":13},"end":{"line":17,"column":25}}},"fnMap":{"0":{"name":"(anonymous_1)","decl":{"start":{"line":17,"column":25},"end":{"line":17,"column":30}},"loc":{"start":{"line":17,"column":77},"end":{"line":28,"column":1}}}},"branchMap":{"0":{"loc":{"start":{"line":6,"column":20},"end":{"line":6,"column":48}},"type":"binary-expr","locations":[{"start":{"line":6,"column":20},"end":{"line":6,"column":42}},{"start":{"line":6,"column":46},"end":{"line":6,"column":48}}]},"1":{"loc":{"start":{"line":7,"column":20},"end":{"line":7,"column":48}},"type":"binary-expr","locations":[{"start":{"line":7,"column":20},"end":{"line":7,"column":42}},{"start":{"line":7,"column":46},"end":{"line":7,"column":48}}]},"2":{"loc":{"start":{"line":18,"column":4},"end":{"line":20,"column":5}},"type":"if","locations":[{"start":{"line":18,"column":4},"end":{"line":20,"column":5}},{"start":{},"end":{}}]},"3":{"loc":{"start":{"line":18,"column":8},"end":{"line":18,"column":34}},"type":"binary-expr","locations":[{"start":{"line":18,"column":8},"end":{"line":18,"column":19}},{"start":{"line":18,"column":23},"end":{"line":18,"column":34}}]}},"s":{"0":5,"1":5,"2":5,"3":5,"4":5,"5":5,"6":5,"7":0,"8":0,"9":0,"10":0,"11":5},"f":{"0":0},"b":{"0":[5,0],"1":[5,0],"2":[0,0],"3":[0,0]}}
,"C:\\Users\\Deepa\\Desktop\\web_backend\\src\\config\\index.ts": {"path":"C:\\Users\\Deepa\\Desktop\\web_backend\\src\\config\\index.ts","statementMap":{"0":{"start":{"line":1,"column":0},"end":{"line":1,"column":28}},"1":{"start":{"line":3,"column":0},"end":{"line":3,"column":16}},"2":{"start":{"line":5,"column":13},"end":{"line":6,"column":59}},"3":{"start":{"line":8,"column":13},"end":{"line":9,"column":69}},"4":{"start":{"line":11,"column":13},"end":{"line":12,"column":42}},"5":{"start":{"line":14,"column":13},"end":{"line":15,"column":54}},"6":{"start":{"line":17,"column":13},"end":{"line":18,"column":39}},"7":{"start":{"line":20,"column":13},"end":{"line":23,"column":9}}},"fnMap":{},"branchMap":{"0":{"loc":{"start":{"line":6,"column":2},"end":{"line":6,"column":58}},"type":"cond-expr","locations":[{"start":{"line":6,"column":21},"end":{"line":6,"column":51}},{"start":{"line":6,"column":54},"end":{"line":6,"column":58}}]},"1":{"loc":{"start":{"line":9,"column":2},"end":{"line":9,"column":68}},"type":"binary-expr","locations":[{"start":{"line":9,"column":2},"end":{"line":9,"column":25}},{"start":{"line":9,"column":29},"end":{"line":9,"column":68}}]},"2":{"loc":{"start":{"line":12,"column":2},"end":{"line":12,"column":41}},"type":"binary-expr","locations":[{"start":{"line":12,"column":2},"end":{"line":12,"column":24}},{"start":{"line":12,"column":28},"end":{"line":12,"column":41}}]},"3":{"loc":{"start":{"line":15,"column":2},"end":{"line":15,"column":53}},"type":"binary-expr","locations":[{"start":{"line":15,"column":2},"end":{"line":15,"column":26}},{"start":{"line":15,"column":30},"end":{"line":15,"column":53}}]},"4":{"loc":{"start":{"line":18,"column":2},"end":{"line":18,"column":38}},"type":"binary-expr","locations":[{"start":{"line":18,"column":2},"end":{"line":18,"column":32}},{"start":{"line":18,"column":36},"end":{"line":18,"column":38}}]},"5":{"loc":{"start":{"line":21,"column":2},"end":{"line":23,"column":8}},"type":"cond-expr","locations":[{"start":{"line":22,"column":6},"end":{"line":22,"column":61}},{"start":{"line":23,"column":6},"end":{"line":23,"column":8}}]}},"s":{"0":7,"1":7,"2":7,"3":7,"4":7,"5":7,"6":7,"7":7},"f":{},"b":{"0":[7,0],"1":[7,0],"2":[7,0],"3":[7,0],"4":[7,0],"5":[0,7]}}
,"C:\\Users\\Deepa\\Desktop\\web_backend\\src\\controller\\add.room.controller.ts": {"path":"C:\\Users\\Deepa\\Desktop\\web_backend\\src\\controller\\add.room.controller.ts","statementMap":{"0":{"start":{"line":2,"column":0},"end":{"line":2,"column":24}},"1":{"start":{"line":3,"column":0},"end":{"line":3,"column":20}},"2":{"start":{"line":4,"column":0},"end":{"line":4,"column":47}},"3":{"start":{"line":5,"column":0},"end":{"line":5,"column":58}},"4":{"start":{"line":7,"column":24},"end":{"line":7,"column":68}},"5":{"start":{"line":7,"column":40},"end":{"line":7,"column":68}},"6":{"start":{"line":9,"column":26},"end":{"line":63,"column":1}},"7":{"start":{"line":10,"column":2},"end":{"line":62,"column":3}},"8":{"start":{"line":21,"column":8},"end":{"line":21,"column":16}},"9":{"start":{"line":23,"column":4},"end":{"line":23,"column":92}},"10":{"start":{"line":23,"column":19},"end":{"line":23,"column":92}},"11":{"start":{"line":25,"column":20},"end":{"line":25,"column":32}},"12":{"start":{"line":26,"column":4},"end":{"line":32,"column":5}},"13":{"start":{"line":27,"column":6},"end":{"line":31,"column":9}},"14":{"start":{"line":34,"column":21},"end":{"line":34,"column":29}},"15":{"start":{"line":35,"column":4},"end":{"line":44,"column":5}},"16":{"start":{"line":36,"column":28},"end":{"line":36,"column":79}},"17":{"start":{"line":37,"column":6},"end":{"line":42,"column":7}},"18":{"start":{"line":38,"column":8},"end":{"line":41,"column":11}},"19":{"start":{"line":43,"column":6},"end":{"line":43,"column":37}},"20":{"start":{"line":46,"column":17},"end":{"line":57,"column":6}},"21":{"start":{"line":59,"column":4},"end":{"line":59,"column":63}},"22":{"start":{"line":61,"column":4},"end":{"line":61,"column":94}},"23":{"start":{"line":9,"column":13},"end":{"line":9,"column":26}},"24":{"start":{"line":65,"column":27},"end":{"line":96,"column":1}},"25":{"start":{"line":66,"column":2},"end":{"line":95,"column":3}},"26":{"start":{"line":67,"column":17},"end":{"line":67,"column":56}},"27":{"start":{"line":68,"column":18},"end":{"line":68,"column":59}},"28":{"start":{"line":69,"column":17},"end":{"line":69,"column":35}},"29":{"start":{"line":71,"column":24},"end":{"line":71,"column":26}},"30":{"start":{"line":72,"column":4},"end":{"line":72,"column":62}},"31":{"start":{"line":72,"column":27},"end":{"line":72,"column":62}},"32":{"start":{"line":73,"column":4},"end":{"line":74,"column":60}},"33":{"start":{"line":74,"column":6},"end":{"line":74,"column":60}},"34":{"start":{"line":75,"column":4},"end":{"line":75,"column":83}},"35":{"start":{"line":75,"column":34},"end":{"line":75,"column":83}},"36":{"start":{"line":77,"column":18},"end":{"line":77,"column":54}},"37":{"start":{"line":78,"column":18},"end":{"line":83,"column":19}},"38":{"start":{"line":85,"column":4},"end":{"line":92,"column":7}},"39":{"start":{"line":94,"column":4},"end":{"line":94,"column":94}},"40":{"start":{"line":65,"column":13},"end":{"line":65,"column":27}},"41":{"start":{"line":98,"column":27},"end":{"line":110,"column":1}},"42":{"start":{"line":99,"column":2},"end":{"line":109,"column":3}},"43":{"start":{"line":100,"column":17},"end":{"line":102,"column":39}},"44":{"start":{"line":104,"column":4},"end":{"line":104,"column":90}},"45":{"start":{"line":104,"column":15},"end":{"line":104,"column":90}},"46":{"start":{"line":106,"column":4},"end":{"line":106,"column":63}},"47":{"start":{"line":108,"column":4},"end":{"line":108,"column":94}},"48":{"start":{"line":98,"column":13},"end":{"line":98,"column":27}},"49":{"start":{"line":112,"column":31},"end":{"line":126,"column":1}},"50":{"start":{"line":113,"column":2},"end":{"line":125,"column":3}},"51":{"start":{"line":114,"column":18},"end":{"line":116,"column":39}},"52":{"start":{"line":118,"column":4},"end":{"line":122,"column":7}},"53":{"start":{"line":124,"column":4},"end":{"line":124,"column":94}},"54":{"start":{"line":112,"column":13},"end":{"line":112,"column":31}},"55":{"start":{"line":128,"column":26},"end":{"line":149,"column":1}},"56":{"start":{"line":129,"column":2},"end":{"line":148,"column":3}},"57":{"start":{"line":130,"column":4},"end":{"line":130,"column":92}},"58":{"start":{"line":130,"column":19},"end":{"line":130,"column":92}},"59":{"start":{"line":132,"column":17},"end":{"line":132,"column":54}},"60":{"start":{"line":133,"column":4},"end":{"line":133,"column":90}},"61":{"start":{"line":133,"column":15},"end":{"line":133,"column":90}},"62":{"start":{"line":136,"column":4},"end":{"line":138,"column":5}},"63":{"start":{"line":137,"column":6},"end":{"line":137,"column":101}},"64":{"start":{"line":140,"column":25},"end":{"line":140,"column":33}},"65":{"start":{"line":141,"column":4},"end":{"line":141,"column":38}},"66":{"start":{"line":143,"column":4},"end":{"line":143,"column":22}},"67":{"start":{"line":145,"column":4},"end":{"line":145,"column":63}},"68":{"start":{"line":147,"column":4},"end":{"line":147,"column":94}},"69":{"start":{"line":128,"column":13},"end":{"line":128,"column":26}},"70":{"start":{"line":151,"column":26},"end":{"line":176,"column":1}},"71":{"start":{"line":152,"column":2},"end":{"line":175,"column":3}},"72":{"start":{"line":153,"column":4},"end":{"line":153,"column":92}},"73":{"start":{"line":153,"column":19},"end":{"line":153,"column":92}},"74":{"start":{"line":155,"column":17},"end":{"line":155,"column":54}},"75":{"start":{"line":156,"column":4},"end":{"line":156,"column":90}},"76":{"start":{"line":156,"column":15},"end":{"line":156,"column":90}},"77":{"start":{"line":159,"column":4},"end":{"line":161,"column":5}},"78":{"start":{"line":160,"column":6},"end":{"line":160,"column":101}},"79":{"start":{"line":164,"column":23},"end":{"line":164,"column":71}},"80":{"start":{"line":165,"column":4},"end":{"line":168,"column":7}},"81":{"start":{"line":166,"column":23},"end":{"line":166,"column":70}},"82":{"start":{"line":167,"column":6},"end":{"line":167,"column":59}},"83":{"start":{"line":167,"column":35},"end":{"line":167,"column":59}},"84":{"start":{"line":170,"column":4},"end":{"line":170,"column":51}},"85":{"start":{"line":172,"column":4},"end":{"line":172,"column":89}},"86":{"start":{"line":174,"column":4},"end":{"line":174,"column":94}},"87":{"start":{"line":151,"column":13},"end":{"line":151,"column":26}},"88":{"start":{"line":178,"column":31},"end":{"line":190,"column":1}},"89":{"start":{"line":179,"column":2},"end":{"line":189,"column":3}},"90":{"start":{"line":180,"column":4},"end":{"line":180,"column":91}},"91":{"start":{"line":180,"column":19},"end":{"line":180,"column":91}},"92":{"start":{"line":182,"column":4},"end":{"line":186,"column":7}},"93":{"start":{"line":188,"column":4},"end":{"line":188,"column":94}},"94":{"start":{"line":178,"column":13},"end":{"line":178,"column":31}},"95":{"start":{"line":192,"column":31},"end":{"line":204,"column":1}},"96":{"start":{"line":193,"column":2},"end":{"line":203,"column":3}},"97":{"start":{"line":194,"column":4},"end":{"line":194,"column":90}},"98":{"start":{"line":194,"column":19},"end":{"line":194,"column":90}},"99":{"start":{"line":196,"column":4},"end":{"line":200,"column":7}},"100":{"start":{"line":202,"column":4},"end":{"line":202,"column":94}},"101":{"start":{"line":192,"column":13},"end":{"line":192,"column":31}},"102":{"start":{"line":207,"column":32},"end":{"line":243,"column":1}},"103":{"start":{"line":208,"column":2},"end":{"line":242,"column":3}},"104":{"start":{"line":209,"column":17},"end":{"line":209,"column":56}},"105":{"start":{"line":210,"column":18},"end":{"line":210,"column":59}},"106":{"start":{"line":211,"column":17},"end":{"line":211,"column":35}},"107":{"start":{"line":213,"column":24},"end":{"line":213,"column":26}},"108":{"start":{"line":214,"column":4},"end":{"line":214,"column":83}},"109":{"start":{"line":214,"column":34},"end":{"line":214,"column":83}},"110":{"start":{"line":215,"column":4},"end":{"line":216,"column":60}},"111":{"start":{"line":216,"column":6},"end":{"line":216,"column":60}},"112":{"start":{"line":217,"column":4},"end":{"line":222,"column":5}},"113":{"start":{"line":218,"column":6},"end":{"line":221,"column":8}},"114":{"start":{"line":224,"column":18},"end":{"line":224,"column":54}},"115":{"start":{"line":225,"column":18},"end":{"line":230,"column":19}},"116":{"start":{"line":232,"column":4},"end":{"line":239,"column":7}},"117":{"start":{"line":241,"column":4},"end":{"line":241,"column":94}},"118":{"start":{"line":207,"column":13},"end":{"line":207,"column":32}},"119":{"start":{"line":245,"column":37},"end":{"line":270,"column":1}},"120":{"start":{"line":246,"column":2},"end":{"line":269,"column":3}},"121":{"start":{"line":247,"column":39},"end":{"line":247,"column":47}},"122":{"start":{"line":249,"column":4},"end":{"line":254,"column":5}},"123":{"start":{"line":250,"column":6},"end":{"line":253,"column":9}},"124":{"start":{"line":256,"column":17},"end":{"line":256,"column":54}},"125":{"start":{"line":257,"column":4},"end":{"line":257,"column":90}},"126":{"start":{"line":257,"column":15},"end":{"line":257,"column":90}},"127":{"start":{"line":259,"column":4},"end":{"line":259,"column":41}},"128":{"start":{"line":260,"column":4},"end":{"line":260,"column":22}},"129":{"start":{"line":262,"column":4},"end":{"line":266,"column":7}},"130":{"start":{"line":268,"column":4},"end":{"line":268,"column":94}},"131":{"start":{"line":245,"column":13},"end":{"line":245,"column":37}},"132":{"start":{"line":272,"column":31},"end":{"line":293,"column":1}},"133":{"start":{"line":273,"column":2},"end":{"line":292,"column":3}},"134":{"start":{"line":274,"column":17},"end":{"line":274,"column":54}},"135":{"start":{"line":275,"column":4},"end":{"line":275,"column":90}},"136":{"start":{"line":275,"column":15},"end":{"line":275,"column":90}},"137":{"start":{"line":278,"column":23},"end":{"line":278,"column":71}},"138":{"start":{"line":279,"column":4},"end":{"line":282,"column":7}},"139":{"start":{"line":280,"column":23},"end":{"line":280,"column":70}},"140":{"start":{"line":281,"column":6},"end":{"line":281,"column":59}},"141":{"start":{"line":281,"column":35},"end":{"line":281,"column":59}},"142":{"start":{"line":284,"column":4},"end":{"line":284,"column":51}},"143":{"start":{"line":286,"column":4},"end":{"line":289,"column":7}},"144":{"start":{"line":291,"column":4},"end":{"line":291,"column":94}},"145":{"start":{"line":272,"column":13},"end":{"line":272,"column":31}}},"fnMap":{"0":{"name":"(anonymous_1)","decl":{"start":{"line":7,"column":24},"end":{"line":7,"column":25}},"loc":{"start":{"line":7,"column":40},"end":{"line":7,"column":68}}},"1":{"name":"(anonymous_2)","decl":{"start":{"line":9,"column":26},"end":{"line":9,"column":31}},"loc":{"start":{"line":9,"column":64},"end":{"line":63,"column":1}}},"2":{"name":"(anonymous_3)","decl":{"start":{"line":65,"column":27},"end":{"line":65,"column":32}},"loc":{"start":{"line":65,"column":65},"end":{"line":96,"column":1}}},"3":{"name":"(anonymous_4)","decl":{"start":{"line":98,"column":27},"end":{"line":98,"column":32}},"loc":{"start":{"line":98,"column":65},"end":{"line":110,"column":1}}},"4":{"name":"(anonymous_5)","decl":{"start":{"line":112,"column":31},"end":{"line":112,"column":36}},"loc":{"start":{"line":112,"column":69},"end":{"line":126,"column":1}}},"5":{"name":"(anonymous_6)","decl":{"start":{"line":128,"column":26},"end":{"line":128,"column":31}},"loc":{"start":{"line":128,"column":64},"end":{"line":149,"column":1}}},"6":{"name":"(anonymous_7)","decl":{"start":{"line":151,"column":26},"end":{"line":151,"column":31}},"loc":{"start":{"line":151,"column":64},"end":{"line":176,"column":1}}},"7":{"name":"(anonymous_8)","decl":{"start":{"line":165,"column":23},"end":{"line":165,"column":24}},"loc":{"start":{"line":165,"column":32},"end":{"line":168,"column":5}}},"8":{"name":"(anonymous_9)","decl":{"start":{"line":178,"column":31},"end":{"line":178,"column":36}},"loc":{"start":{"line":178,"column":69},"end":{"line":190,"column":1}}},"9":{"name":"(anonymous_10)","decl":{"start":{"line":192,"column":31},"end":{"line":192,"column":36}},"loc":{"start":{"line":192,"column":69},"end":{"line":204,"column":1}}},"10":{"name":"(anonymous_11)","decl":{"start":{"line":207,"column":32},"end":{"line":207,"column":37}},"loc":{"start":{"line":207,"column":70},"end":{"line":243,"column":1}}},"11":{"name":"(anonymous_12)","decl":{"start":{"line":245,"column":37},"end":{"line":245,"column":42}},"loc":{"start":{"line":245,"column":75},"end":{"line":270,"column":1}}},"12":{"name":"(anonymous_13)","decl":{"start":{"line":272,"column":31},"end":{"line":272,"column":36}},"loc":{"start":{"line":272,"column":69},"end":{"line":293,"column":1}}},"13":{"name":"(anonymous_14)","decl":{"start":{"line":279,"column":23},"end":{"line":279,"column":24}},"loc":{"start":{"line":279,"column":32},"end":{"line":282,"column":5}}}},"branchMap":{"0":{"loc":{"start":{"line":23,"column":4},"end":{"line":23,"column":92}},"type":"if","locations":[{"start":{"line":23,"column":4},"end":{"line":23,"column":92}},{"start":{},"end":{}}]},"1":{"loc":{"start":{"line":26,"column":4},"end":{"line":32,"column":5}},"type":"if","locations":[{"start":{"line":26,"column":4},"end":{"line":32,"column":5}},{"start":{},"end":{}}]},"2":{"loc":{"start":{"line":26,"column":8},"end":{"line":26,"column":61}},"type":"binary-expr","locations":[{"start":{"line":26,"column":8},"end":{"line":26,"column":18}},{"start":{"line":26,"column":22},"end":{"line":26,"column":35}},{"start":{"line":26,"column":39},"end":{"line":26,"column":48}},{"start":{"line":26,"column":52},"end":{"line":26,"column":61}}]},"3":{"loc":{"start":{"line":35,"column":4},"end":{"line":44,"column":5}},"type":"if","locations":[{"start":{"line":35,"column":4},"end":{"line":44,"column":5}},{"start":{},"end":{}}]},"4":{"loc":{"start":{"line":37,"column":6},"end":{"line":42,"column":7}},"type":"if","locations":[{"start":{"line":37,"column":6},"end":{"line":42,"column":7}},{"start":{},"end":{}}]},"5":{"loc":{"start":{"line":61,"column":59},"end":{"line":61,"column":90}},"type":"binary-expr","locations":[{"start":{"line":61,"column":59},"end":{"line":61,"column":72}},{"start":{"line":61,"column":76},"end":{"line":61,"column":90}}]},"6":{"loc":{"start":{"line":67,"column":17},"end":{"line":67,"column":56}},"type":"binary-expr","locations":[{"start":{"line":67,"column":17},"end":{"line":67,"column":51}},{"start":{"line":67,"column":55},"end":{"line":67,"column":56}}]},"7":{"loc":{"start":{"line":68,"column":18},"end":{"line":68,"column":59}},"type":"binary-expr","locations":[{"start":{"line":68,"column":18},"end":{"line":68,"column":53}},{"start":{"line":68,"column":57},"end":{"line":68,"column":59}}]},"8":{"loc":{"start":{"line":72,"column":4},"end":{"line":72,"column":62}},"type":"if","locations":[{"start":{"line":72,"column":4},"end":{"line":72,"column":62}},{"start":{},"end":{}}]},"9":{"loc":{"start":{"line":73,"column":4},"end":{"line":74,"column":60}},"type":"if","locations":[{"start":{"line":73,"column":4},"end":{"line":74,"column":60}},{"start":{},"end":{}}]},"10":{"loc":{"start":{"line":75,"column":4},"end":{"line":75,"column":83}},"type":"if","locations":[{"start":{"line":75,"column":4},"end":{"line":75,"column":83}},{"start":{},"end":{}}]},"11":{"loc":{"start":{"line":94,"column":59},"end":{"line":94,"column":90}},"type":"binary-expr","locations":[{"start":{"line":94,"column":59},"end":{"line":94,"column":72}},{"start":{"line":94,"column":76},"end":{"line":94,"column":90}}]},"12":{"loc":{"start":{"line":104,"column":4},"end":{"line":104,"column":90}},"type":"if","locations":[{"start":{"line":104,"column":4},"end":{"line":104,"column":90}},{"start":{},"end":{}}]},"13":{"loc":{"start":{"line":108,"column":59},"end":{"line":108,"column":90}},"type":"binary-expr","locations":[{"start":{"line":108,"column":59},"end":{"line":108,"column":72}},{"start":{"line":108,"column":76},"end":{"line":108,"column":90}}]},"14":{"loc":{"start":{"line":124,"column":59},"end":{"line":124,"column":90}},"type":"binary-expr","locations":[{"start":{"line":124,"column":59},"end":{"line":124,"column":72}},{"start":{"line":124,"column":76},"end":{"line":124,"column":90}}]},"15":{"loc":{"start":{"line":130,"column":4},"end":{"line":130,"column":92}},"type":"if","locations":[{"start":{"line":130,"column":4},"end":{"line":130,"column":92}},{"start":{},"end":{}}]},"16":{"loc":{"start":{"line":133,"column":4},"end":{"line":133,"column":90}},"type":"if","locations":[{"start":{"line":133,"column":4},"end":{"line":133,"column":90}},{"start":{},"end":{}}]},"17":{"loc":{"start":{"line":136,"column":4},"end":{"line":138,"column":5}},"type":"if","locations":[{"start":{"line":136,"column":4},"end":{"line":138,"column":5}},{"start":{},"end":{}}]},"18":{"loc":{"start":{"line":136,"column":8},"end":{"line":136,"column":88}},"type":"binary-expr","locations":[{"start":{"line":136,"column":8},"end":{"line":136,"column":59}},{"start":{"line":136,"column":63},"end":{"line":136,"column":88}}]},"19":{"loc":{"start":{"line":147,"column":59},"end":{"line":147,"column":90}},"type":"binary-expr","locations":[{"start":{"line":147,"column":59},"end":{"line":147,"column":72}},{"start":{"line":147,"column":76},"end":{"line":147,"column":90}}]},"20":{"loc":{"start":{"line":153,"column":4},"end":{"line":153,"column":92}},"type":"if","locations":[{"start":{"line":153,"column":4},"end":{"line":153,"column":92}},{"start":{},"end":{}}]},"21":{"loc":{"start":{"line":156,"column":4},"end":{"line":156,"column":90}},"type":"if","locations":[{"start":{"line":156,"column":4},"end":{"line":156,"column":90}},{"start":{},"end":{}}]},"22":{"loc":{"start":{"line":159,"column":4},"end":{"line":161,"column":5}},"type":"if","locations":[{"start":{"line":159,"column":4},"end":{"line":161,"column":5}},{"start":{},"end":{}}]},"23":{"loc":{"start":{"line":164,"column":28},"end":{"line":164,"column":45}},"type":"binary-expr","locations":[{"start":{"line":164,"column":28},"end":{"line":164,"column":39}},{"start":{"line":164,"column":43},"end":{"line":164,"column":45}}]},"24":{"loc":{"start":{"line":164,"column":52},"end":{"line":164,"column":69}},"type":"binary-expr","locations":[{"start":{"line":164,"column":52},"end":{"line":164,"column":63}},{"start":{"line":164,"column":67},"end":{"line":164,"column":69}}]},"25":{"loc":{"start":{"line":167,"column":6},"end":{"line":167,"column":59}},"type":"if","locations":[{"start":{"line":167,"column":6},"end":{"line":167,"column":59}},{"start":{},"end":{}}]},"26":{"loc":{"start":{"line":174,"column":59},"end":{"line":174,"column":90}},"type":"binary-expr","locations":[{"start":{"line":174,"column":59},"end":{"line":174,"column":72}},{"start":{"line":174,"column":76},"end":{"line":174,"column":90}}]},"27":{"loc":{"start":{"line":180,"column":4},"end":{"line":180,"column":91}},"type":"if","locations":[{"start":{"line":180,"column":4},"end":{"line":180,"column":91}},{"start":{},"end":{}}]},"28":{"loc":{"start":{"line":188,"column":59},"end":{"line":188,"column":90}},"type":"binary-expr","locations":[{"start":{"line":188,"column":59},"end":{"line":188,"column":72}},{"start":{"line":188,"column":76},"end":{"line":188,"column":90}}]},"29":{"loc":{"start":{"line":194,"column":4},"end":{"line":194,"column":90}},"type":"if","locations":[{"start":{"line":194,"column":4},"end":{"line":194,"column":90}},{"start":{},"end":{}}]},"30":{"loc":{"start":{"line":202,"column":59},"end":{"line":202,"column":90}},"type":"binary-expr","locations":[{"start":{"line":202,"column":59},"end":{"line":202,"column":72}},{"start":{"line":202,"column":76},"end":{"line":202,"column":90}}]},"31":{"loc":{"start":{"line":209,"column":17},"end":{"line":209,"column":56}},"type":"binary-expr","locations":[{"start":{"line":209,"column":17},"end":{"line":209,"column":51}},{"start":{"line":209,"column":55},"end":{"line":209,"column":56}}]},"32":{"loc":{"start":{"line":210,"column":18},"end":{"line":210,"column":59}},"type":"binary-expr","locations":[{"start":{"line":210,"column":18},"end":{"line":210,"column":53}},{"start":{"line":210,"column":57},"end":{"line":210,"column":59}}]},"33":{"loc":{"start":{"line":214,"column":4},"end":{"line":214,"column":83}},"type":"if","locations":[{"start":{"line":214,"column":4},"end":{"line":214,"column":83}},{"start":{},"end":{}}]},"34":{"loc":{"start":{"line":215,"column":4},"end":{"line":216,"column":60}},"type":"if","locations":[{"start":{"line":215,"column":4},"end":{"line":216,"column":60}},{"start":{},"end":{}}]},"35":{"loc":{"start":{"line":217,"column":4},"end":{"line":222,"column":5}},"type":"if","locations":[{"start":{"line":217,"column":4},"end":{"line":222,"column":5}},{"start":{},"end":{}}]},"36":{"loc":{"start":{"line":241,"column":59},"end":{"line":241,"column":90}},"type":"binary-expr","locations":[{"start":{"line":241,"column":59},"end":{"line":241,"column":72}},{"start":{"line":241,"column":76},"end":{"line":241,"column":90}}]},"37":{"loc":{"start":{"line":249,"column":4},"end":{"line":254,"column":5}},"type":"if","locations":[{"start":{"line":249,"column":4},"end":{"line":254,"column":5}},{"start":{},"end":{}}]},"38":{"loc":{"start":{"line":257,"column":4},"end":{"line":257,"column":90}},"type":"if","locations":[{"start":{"line":257,"column":4},"end":{"line":257,"column":90}},{"start":{},"end":{}}]},"39":{"loc":{"start":{"line":268,"column":59},"end":{"line":268,"column":90}},"type":"binary-expr","locations":[{"start":{"line":268,"column":59},"end":{"line":268,"column":72}},{"start":{"line":268,"column":76},"end":{"line":268,"column":90}}]},"40":{"loc":{"start":{"line":275,"column":4},"end":{"line":275,"column":90}},"type":"if","locations":[{"start":{"line":275,"column":4},"end":{"line":275,"column":90}},{"start":{},"end":{}}]},"41":{"loc":{"start":{"line":278,"column":28},"end":{"line":278,"column":45}},"type":"binary-expr","locations":[{"start":{"line":278,"column":28},"end":{"line":278,"column":39}},{"start":{"line":278,"column":43},"end":{"line":278,"column":45}}]},"42":{"loc":{"start":{"line":278,"column":52},"end":{"line":278,"column":69}},"type":"binary-expr","locations":[{"start":{"line":278,"column":52},"end":{"line":278,"column":63}},{"start":{"line":278,"column":67},"end":{"line":278,"column":69}}]},"43":{"loc":{"start":{"line":281,"column":6},"end":{"line":281,"column":59}},"type":"if","locations":[{"start":{"line":281,"column":6},"end":{"line":281,"column":59}},{"start":{},"end":{}}]},"44":{"loc":{"start":{"line":291,"column":59},"end":{"line":291,"column":90}},"type":"binary-expr","locations":[{"start":{"line":291,"column":59},"end":{"line":291,"column":72}},{"start":{"line":291,"column":76},"end":{"line":291,"column":90}}]}},"s":{"0":6,"1":6,"2":6,"3":6,"4":6,"5":29,"6":6,"7":29,"8":29,"9":29,"10":0,"11":29,"12":29,"13":0,"14":29,"15":29,"16":0,"17":0,"18":0,"19":0,"20":29,"21":29,"22":0,"23":6,"24":6,"25":6,"26":6,"27":6,"28":6,"29":6,"30":6,"31":0,"32":6,"33":1,"34":6,"35":0,"36":6,"37":6,"38":6,"39":0,"40":6,"41":6,"42":4,"43":4,"44":3,"45":1,"46":2,"47":1,"48":6,"49":6,"50":0,"51":0,"52":0,"53":0,"54":6,"55":6,"56":4,"57":4,"58":0,"59":4,"60":4,"61":0,"62":4,"63":1,"64":3,"65":3,"66":3,"67":3,"68":0,"69":6,"70":6,"71":1,"72":1,"73":0,"74":1,"75":1,"76":0,"77":1,"78":0,"79":1,"80":1,"81":0,"82":0,"83":0,"84":1,"85":1,"86":0,"87":6,"88":6,"89":0,"90":0,"91":0,"92":0,"93":0,"94":6,"95":6,"96":0,"97":0,"98":0,"99":0,"100":0,"101":6,"102":6,"103":0,"104":0,"105":0,"106":0,"107":0,"108":0,"109":0,"110":0,"111":0,"112":0,"113":0,"114":0,"115":0,"116":0,"117":0,"118":6,"119":6,"120":0,"121":0,"122":0,"123":0,"124":0,"125":0,"126":0,"127":0,"128":0,"129":0,"130":0,"131":6,"132":6,"133":0,"134":0,"135":0,"136":0,"137":0,"138":0,"139":0,"140":0,"141":0,"142":0,"143":0,"144":0,"145":6},"f":{"0":29,"1":29,"2":6,"3":4,"4":0,"5":4,"6":1,"7":0,"8":0,"9":0,"10":0,"11":0,"12":0,"13":0},"b":{"0":[0,29],"1":[0,29],"2":[29,29,29,29],"3":[0,29],"4":[0,0],"5":[0,0],"6":[6,6],"7":[6,6],"8":[0,6],"9":[1,5],"10":[0,6],"11":[0,0],"12":[1,2],"13":[1,0],"14":[0,0],"15":[0,4],"16":[0,4],"17":[1,3],"18":[4,1],"19":[0,0],"20":[0,1],"21":[0,1],"22":[0,1],"23":[1,0],"24":[1,0],"25":[0,0],"26":[0,0],"27":[0,0],"28":[0,0],"29":[0,0],"30":[0,0],"31":[0,0],"32":[0,0],"33":[0,0],"34":[0,0],"35":[0,0],"36":[0,0],"37":[0,0],"38":[0,0],"39":[0,0],"40":[0,0],"41":[0,0],"42":[0,0],"43":[0,0],"44":[0,0]}}
,"C:\\Users\\Deepa\\Desktop\\web_backend\\src\\controller\\admin.controller.ts": {"path":"C:\\Users\\Deepa\\Desktop\\web_backend\\src\\controller\\admin.controller.ts","statementMap":{"0":{"start":{"line":1,"column":0},"end":{"line":1,"column":57}},"1":{"start":{"line":2,"column":0},"end":{"line":2,"column":49}},"2":{"start":{"line":4,"column":0},"end":{"line":4,"column":20}},"3":{"start":{"line":5,"column":0},"end":{"line":5,"column":49}},"4":{"start":{"line":6,"column":0},"end":{"line":6,"column":47}},"5":{"start":{"line":7,"column":0},"end":{"line":7,"column":63}},"6":{"start":{"line":9,"column":21},"end":{"line":9,"column":39}},"7":{"start":{"line":14,"column":4},"end":{"line":48,"column":5}},"8":{"start":{"line":15,"column":25},"end":{"line":15,"column":58}},"9":{"start":{"line":16,"column":6},"end":{"line":21,"column":7}},"10":{"start":{"line":17,"column":8},"end":{"line":20,"column":11}},"11":{"start":{"line":23,"column":38},"end":{"line":23,"column":53}},"12":{"start":{"line":26,"column":6},"end":{"line":31,"column":7}},"13":{"start":{"line":27,"column":25},"end":{"line":29,"column":34}},"14":{"start":{"line":30,"column":8},"end":{"line":30,"column":43}},"15":{"start":{"line":33,"column":22},"end":{"line":33,"column":61}},"16":{"start":{"line":36,"column":40},"end":{"line":36,"column":58}},"17":{"start":{"line":38,"column":6},"end":{"line":42,"column":9}},"18":{"start":{"line":44,"column":6},"end":{"line":47,"column":9}},"19":{"start":{"line":53,"column":4},"end":{"line":98,"column":5}},"20":{"start":{"line":54,"column":19},"end":{"line":54,"column":62}},"21":{"start":{"line":55,"column":20},"end":{"line":55,"column":66}},"22":{"start":{"line":57,"column":6},"end":{"line":62,"column":7}},"23":{"start":{"line":58,"column":8},"end":{"line":61,"column":11}},"24":{"start":{"line":64,"column":6},"end":{"line":69,"column":7}},"25":{"start":{"line":65,"column":8},"end":{"line":68,"column":11}},"26":{"start":{"line":71,"column":43},"end":{"line":73,"column":null}},"27":{"start":{"line":77,"column":24},"end":{"line":80,"column":8}},"28":{"start":{"line":78,"column":42},"end":{"line":78,"column":57}},"29":{"start":{"line":79,"column":8},"end":{"line":79,"column":24}},"30":{"start":{"line":82,"column":6},"end":{"line":92,"column":9}},"31":{"start":{"line":94,"column":6},"end":{"line":97,"column":9}},"32":{"start":{"line":103,"column":4},"end":{"line":128,"column":5}},"33":{"start":{"line":104,"column":21},"end":{"line":104,"column":31}},"34":{"start":{"line":106,"column":19},"end":{"line":106,"column":53}},"35":{"start":{"line":108,"column":6},"end":{"line":113,"column":7}},"36":{"start":{"line":109,"column":8},"end":{"line":112,"column":11}},"37":{"start":{"line":116,"column":40},"end":{"line":116,"column":55}},"38":{"start":{"line":118,"column":6},"end":{"line":122,"column":9}},"39":{"start":{"line":124,"column":6},"end":{"line":127,"column":9}},"40":{"start":{"line":133,"column":4},"end":{"line":170,"column":5}},"41":{"start":{"line":134,"column":21},"end":{"line":134,"column":31}},"42":{"start":{"line":135,"column":25},"end":{"line":135,"column":33}},"43":{"start":{"line":138,"column":6},"end":{"line":146,"column":7}},"44":{"start":{"line":139,"column":25},"end":{"line":141,"column":34}},"45":{"start":{"line":142,"column":8},"end":{"line":142,"column":45}},"46":{"start":{"line":143,"column":13},"end":{"line":146,"column":7}},"47":{"start":{"line":145,"column":8},"end":{"line":145,"column":58}},"48":{"start":{"line":148,"column":26},"end":{"line":148,"column":71}},"49":{"start":{"line":150,"column":6},"end":{"line":155,"column":7}},"50":{"start":{"line":151,"column":8},"end":{"line":154,"column":11}},"51":{"start":{"line":158,"column":40},"end":{"line":158,"column":62}},"52":{"start":{"line":160,"column":6},"end":{"line":164,"column":9}},"53":{"start":{"line":166,"column":6},"end":{"line":169,"column":9}},"54":{"start":{"line":175,"column":4},"end":{"line":197,"column":5}},"55":{"start":{"line":176,"column":21},"end":{"line":176,"column":31}},"56":{"start":{"line":178,"column":26},"end":{"line":178,"column":59}},"57":{"start":{"line":180,"column":6},"end":{"line":185,"column":7}},"58":{"start":{"line":181,"column":8},"end":{"line":184,"column":11}},"59":{"start":{"line":187,"column":6},"end":{"line":191,"column":9}},"60":{"start":{"line":193,"column":6},"end":{"line":196,"column":9}},"61":{"start":{"line":201,"column":4},"end":{"line":221,"column":5}},"62":{"start":{"line":202,"column":58},"end":{"line":206,"column":8}},"63":{"start":{"line":208,"column":6},"end":{"line":215,"column":9}},"64":{"start":{"line":217,"column":6},"end":{"line":220,"column":9}},"65":{"start":{"line":11,"column":0},"end":{"line":11,"column":13}}},"fnMap":{"0":{"name":"(anonymous_1)","decl":{"start":{"line":13,"column":2},"end":{"line":13,"column":7}},"loc":{"start":{"line":13,"column":46},"end":{"line":49,"column":3}}},"1":{"name":"(anonymous_2)","decl":{"start":{"line":52,"column":2},"end":{"line":52,"column":7}},"loc":{"start":{"line":52,"column":47},"end":{"line":99,"column":3}}},"2":{"name":"(anonymous_3)","decl":{"start":{"line":77,"column":34},"end":{"line":77,"column":35}},"loc":{"start":{"line":77,"column":43},"end":{"line":80,"column":7}}},"3":{"name":"(anonymous_4)","decl":{"start":{"line":102,"column":2},"end":{"line":102,"column":7}},"loc":{"start":{"line":102,"column":47},"end":{"line":129,"column":3}}},"4":{"name":"(anonymous_5)","decl":{"start":{"line":132,"column":2},"end":{"line":132,"column":7}},"loc":{"start":{"line":132,"column":46},"end":{"line":171,"column":3}}},"5":{"name":"(anonymous_6)","decl":{"start":{"line":174,"column":2},"end":{"line":174,"column":7}},"loc":{"start":{"line":174,"column":46},"end":{"line":198,"column":3}}},"6":{"name":"(anonymous_7)","decl":{"start":{"line":200,"column":2},"end":{"line":200,"column":7}},"loc":{"start":{"line":200,"column":45},"end":{"line":222,"column":3}}}},"branchMap":{"0":{"loc":{"start":{"line":16,"column":6},"end":{"line":21,"column":7}},"type":"if","locations":[{"start":{"line":16,"column":6},"end":{"line":21,"column":7}},{"start":{},"end":{}}]},"1":{"loc":{"start":{"line":26,"column":6},"end":{"line":31,"column":7}},"type":"if","locations":[{"start":{"line":26,"column":6},"end":{"line":31,"column":7}},{"start":{},"end":{}}]},"2":{"loc":{"start":{"line":44,"column":24},"end":{"line":44,"column":47}},"type":"binary-expr","locations":[{"start":{"line":44,"column":24},"end":{"line":44,"column":40}},{"start":{"line":44,"column":44},"end":{"line":44,"column":47}}]},"3":{"loc":{"start":{"line":46,"column":17},"end":{"line":46,"column":57}},"type":"binary-expr","locations":[{"start":{"line":46,"column":17},"end":{"line":46,"column":30}},{"start":{"line":46,"column":34},"end":{"line":46,"column":57}}]},"4":{"loc":{"start":{"line":54,"column":19},"end":{"line":54,"column":62}},"type":"cond-expr","locations":[{"start":{"line":54,"column":36},"end":{"line":54,"column":58}},{"start":{"line":54,"column":61},"end":{"line":54,"column":62}}]},"5":{"loc":{"start":{"line":55,"column":20},"end":{"line":55,"column":66}},"type":"cond-expr","locations":[{"start":{"line":55,"column":38},"end":{"line":55,"column":61}},{"start":{"line":55,"column":64},"end":{"line":55,"column":66}}]},"6":{"loc":{"start":{"line":57,"column":6},"end":{"line":62,"column":7}},"type":"if","locations":[{"start":{"line":57,"column":6},"end":{"line":62,"column":7}},{"start":{},"end":{}}]},"7":{"loc":{"start":{"line":57,"column":10},"end":{"line":57,"column":45}},"type":"binary-expr","locations":[{"start":{"line":57,"column":10},"end":{"line":57,"column":33}},{"start":{"line":57,"column":37},"end":{"line":57,"column":45}}]},"8":{"loc":{"start":{"line":64,"column":6},"end":{"line":69,"column":7}},"type":"if","locations":[{"start":{"line":64,"column":6},"end":{"line":69,"column":7}},{"start":{},"end":{}}]},"9":{"loc":{"start":{"line":64,"column":10},"end":{"line":64,"column":62}},"type":"binary-expr","locations":[{"start":{"line":64,"column":10},"end":{"line":64,"column":34}},{"start":{"line":64,"column":38},"end":{"line":64,"column":47}},{"start":{"line":64,"column":51},"end":{"line":64,"column":62}}]},"10":{"loc":{"start":{"line":94,"column":24},"end":{"line":94,"column":47}},"type":"binary-expr","locations":[{"start":{"line":94,"column":24},"end":{"line":94,"column":40}},{"start":{"line":94,"column":44},"end":{"line":94,"column":47}}]},"11":{"loc":{"start":{"line":96,"column":17},"end":{"line":96,"column":57}},"type":"binary-expr","locations":[{"start":{"line":96,"column":17},"end":{"line":96,"column":30}},{"start":{"line":96,"column":34},"end":{"line":96,"column":57}}]},"12":{"loc":{"start":{"line":108,"column":6},"end":{"line":113,"column":7}},"type":"if","locations":[{"start":{"line":108,"column":6},"end":{"line":113,"column":7}},{"start":{},"end":{}}]},"13":{"loc":{"start":{"line":124,"column":24},"end":{"line":124,"column":47}},"type":"binary-expr","locations":[{"start":{"line":124,"column":24},"end":{"line":124,"column":40}},{"start":{"line":124,"column":44},"end":{"line":124,"column":47}}]},"14":{"loc":{"start":{"line":126,"column":17},"end":{"line":126,"column":57}},"type":"binary-expr","locations":[{"start":{"line":126,"column":17},"end":{"line":126,"column":30}},{"start":{"line":126,"column":34},"end":{"line":126,"column":57}}]},"15":{"loc":{"start":{"line":138,"column":6},"end":{"line":146,"column":7}},"type":"if","locations":[{"start":{"line":138,"column":6},"end":{"line":146,"column":7}},{"start":{"line":143,"column":13},"end":{"line":146,"column":7}}]},"16":{"loc":{"start":{"line":143,"column":13},"end":{"line":146,"column":7}},"type":"if","locations":[{"start":{"line":143,"column":13},"end":{"line":146,"column":7}},{"start":{},"end":{}}]},"17":{"loc":{"start":{"line":150,"column":6},"end":{"line":155,"column":7}},"type":"if","locations":[{"start":{"line":150,"column":6},"end":{"line":155,"column":7}},{"start":{},"end":{}}]},"18":{"loc":{"start":{"line":166,"column":24},"end":{"line":166,"column":47}},"type":"binary-expr","locations":[{"start":{"line":166,"column":24},"end":{"line":166,"column":40}},{"start":{"line":166,"column":44},"end":{"line":166,"column":47}}]},"19":{"loc":{"start":{"line":168,"column":17},"end":{"line":168,"column":57}},"type":"binary-expr","locations":[{"start":{"line":168,"column":17},"end":{"line":168,"column":30}},{"start":{"line":168,"column":34},"end":{"line":168,"column":57}}]},"20":{"loc":{"start":{"line":180,"column":6},"end":{"line":185,"column":7}},"type":"if","locations":[{"start":{"line":180,"column":6},"end":{"line":185,"column":7}},{"start":{},"end":{}}]},"21":{"loc":{"start":{"line":193,"column":24},"end":{"line":193,"column":47}},"type":"binary-expr","locations":[{"start":{"line":193,"column":24},"end":{"line":193,"column":40}},{"start":{"line":193,"column":44},"end":{"line":193,"column":47}}]},"22":{"loc":{"start":{"line":195,"column":17},"end":{"line":195,"column":57}},"type":"binary-expr","locations":[{"start":{"line":195,"column":17},"end":{"line":195,"column":30}},{"start":{"line":195,"column":34},"end":{"line":195,"column":57}}]},"23":{"loc":{"start":{"line":219,"column":17},"end":{"line":219,"column":57}},"type":"binary-expr","locations":[{"start":{"line":219,"column":17},"end":{"line":219,"column":30}},{"start":{"line":219,"column":34},"end":{"line":219,"column":57}}]}},"s":{"0":6,"1":6,"2":6,"3":6,"4":6,"5":6,"6":6,"7":1,"8":1,"9":1,"10":0,"11":1,"12":1,"13":0,"14":0,"15":1,"16":1,"17":1,"18":0,"19":3,"20":3,"21":3,"22":3,"23":0,"24":3,"25":0,"26":3,"27":3,"28":3,"29":3,"30":3,"31":0,"32":2,"33":2,"34":2,"35":1,"36":0,"37":1,"38":1,"39":1,"40":2,"41":2,"42":2,"43":2,"44":0,"45":0,"46":2,"47":0,"48":2,"49":2,"50":0,"51":2,"52":2,"53":0,"54":1,"55":1,"56":1,"57":1,"58":0,"59":1,"60":0,"61":1,"62":1,"63":1,"64":0,"65":6},"f":{"0":1,"1":3,"2":3,"3":2,"4":2,"5":1,"6":1},"b":{"0":[0,1],"1":[0,1],"2":[0,0],"3":[0,0],"4":[1,2],"5":[1,2],"6":[0,3],"7":[3,3],"8":[0,3],"9":[3,3,3],"10":[0,0],"11":[0,0],"12":[0,1],"13":[1,0],"14":[1,0],"15":[0,2],"16":[0,2],"17":[0,2],"18":[0,0],"19":[0,0],"20":[0,1],"21":[0,0],"22":[0,0],"23":[0,0]}}
,"C:\\Users\\Deepa\\Desktop\\web_backend\\src\\controller\\appointment.controller.ts": {"path":"C:\\Users\\Deepa\\Desktop\\web_backend\\src\\controller\\appointment.controller.ts","statementMap":{"0":{"start":{"line":2,"column":0},"end":{"line":2,"column":63}},"1":{"start":{"line":3,"column":0},"end":{"line":3,"column":47}},"2":{"start":{"line":8,"column":8},"end":{"line":76,"column":9}},"3":{"start":{"line":19,"column":16},"end":{"line":19,"column":24}},"4":{"start":{"line":21,"column":12},"end":{"line":26,"column":13}},"5":{"start":{"line":22,"column":16},"end":{"line":25,"column":19}},"6":{"start":{"line":28,"column":25},"end":{"line":28,"column":55}},"7":{"start":{"line":29,"column":12},"end":{"line":34,"column":13}},"8":{"start":{"line":30,"column":16},"end":{"line":33,"column":19}},"9":{"start":{"line":37,"column":40},"end":{"line":41,"column":14}},"10":{"start":{"line":43,"column":12},"end":{"line":48,"column":13}},"11":{"start":{"line":44,"column":16},"end":{"line":47,"column":19}},"12":{"start":{"line":50,"column":32},"end":{"line":61,"column":14}},"13":{"start":{"line":63,"column":12},"end":{"line":63,"column":37}},"14":{"start":{"line":65,"column":12},"end":{"line":69,"column":15}},"15":{"start":{"line":71,"column":12},"end":{"line":71,"column":63}},"16":{"start":{"line":72,"column":12},"end":{"line":75,"column":15}},"17":{"start":{"line":80,"column":8},"end":{"line":119,"column":9}},"18":{"start":{"line":81,"column":32},"end":{"line":81,"column":42}},"19":{"start":{"line":82,"column":31},"end":{"line":82,"column":40}},"20":{"start":{"line":84,"column":32},"end":{"line":84,"column":43}},"21":{"start":{"line":85,"column":12},"end":{"line":87,"column":13}},"22":{"start":{"line":86,"column":16},"end":{"line":86,"column":39}},"23":{"start":{"line":89,"column":33},"end":{"line":89,"column":98}},"24":{"start":{"line":92,"column":42},"end":{"line":106,"column":null}},"25":{"start":{"line":94,"column":33},"end":{"line":94,"column":96}},"26":{"start":{"line":95,"column":20},"end":{"line":105,"column":22}},"27":{"start":{"line":109,"column":12},"end":{"line":112,"column":15}},"28":{"start":{"line":114,"column":12},"end":{"line":114,"column":71}},"29":{"start":{"line":115,"column":12},"end":{"line":118,"column":15}},"30":{"start":{"line":123,"column":8},"end":{"line":162,"column":9}},"31":{"start":{"line":124,"column":33},"end":{"line":124,"column":43}},"32":{"start":{"line":125,"column":31},"end":{"line":125,"column":40}},"33":{"start":{"line":127,"column":32},"end":{"line":127,"column":44}},"34":{"start":{"line":128,"column":12},"end":{"line":130,"column":13}},"35":{"start":{"line":129,"column":16},"end":{"line":129,"column":39}},"36":{"start":{"line":132,"column":33},"end":{"line":132,"column":98}},"37":{"start":{"line":135,"column":42},"end":{"line":149,"column":null}},"38":{"start":{"line":137,"column":33},"end":{"line":137,"column":96}},"39":{"start":{"line":138,"column":20},"end":{"line":148,"column":22}},"40":{"start":{"line":152,"column":12},"end":{"line":155,"column":15}},"41":{"start":{"line":157,"column":12},"end":{"line":157,"column":72}},"42":{"start":{"line":158,"column":12},"end":{"line":161,"column":15}},"43":{"start":{"line":166,"column":8},"end":{"line":188,"column":9}},"44":{"start":{"line":167,"column":38},"end":{"line":167,"column":48}},"45":{"start":{"line":169,"column":32},"end":{"line":169,"column":78}},"46":{"start":{"line":171,"column":12},"end":{"line":176,"column":13}},"47":{"start":{"line":172,"column":16},"end":{"line":175,"column":19}},"48":{"start":{"line":178,"column":12},"end":{"line":181,"column":15}},"49":{"start":{"line":183,"column":12},"end":{"line":183,"column":64}},"50":{"start":{"line":184,"column":12},"end":{"line":187,"column":15}},"51":{"start":{"line":192,"column":8},"end":{"line":227,"column":9}},"52":{"start":{"line":193,"column":38},"end":{"line":193,"column":48}},"53":{"start":{"line":194,"column":31},"end":{"line":194,"column":39}},"54":{"start":{"line":196,"column":12},"end":{"line":201,"column":13}},"55":{"start":{"line":197,"column":16},"end":{"line":200,"column":19}},"56":{"start":{"line":203,"column":32},"end":{"line":206,"column":null}},"57":{"start":{"line":209,"column":12},"end":{"line":214,"column":13}},"58":{"start":{"line":210,"column":16},"end":{"line":213,"column":19}},"59":{"start":{"line":216,"column":12},"end":{"line":220,"column":15}},"60":{"start":{"line":222,"column":12},"end":{"line":222,"column":71}},"61":{"start":{"line":223,"column":12},"end":{"line":226,"column":15}},"62":{"start":{"line":231,"column":8},"end":{"line":253,"column":9}},"63":{"start":{"line":232,"column":38},"end":{"line":232,"column":48}},"64":{"start":{"line":234,"column":32},"end":{"line":234,"column":87}},"65":{"start":{"line":236,"column":12},"end":{"line":241,"column":13}},"66":{"start":{"line":237,"column":16},"end":{"line":240,"column":19}},"67":{"start":{"line":243,"column":12},"end":{"line":246,"column":15}},"68":{"start":{"line":248,"column":12},"end":{"line":248,"column":64}},"69":{"start":{"line":249,"column":12},"end":{"line":252,"column":15}},"70":{"start":{"line":257,"column":8},"end":{"line":300,"column":9}},"71":{"start":{"line":258,"column":38},"end":{"line":258,"column":48}},"72":{"start":{"line":263,"column":16},"end":{"line":263,"column":24}},"73":{"start":{"line":265,"column":12},"end":{"line":270,"column":13}},"74":{"start":{"line":266,"column":16},"end":{"line":269,"column":19}},"75":{"start":{"line":272,"column":32},"end":{"line":279,"column":null}},"76":{"start":{"line":282,"column":12},"end":{"line":287,"column":13}},"77":{"start":{"line":283,"column":16},"end":{"line":286,"column":19}},"78":{"start":{"line":289,"column":12},"end":{"line":293,"column":15}},"79":{"start":{"line":295,"column":12},"end":{"line":295,"column":64}},"80":{"start":{"line":296,"column":12},"end":{"line":299,"column":15}},"81":{"start":{"line":6,"column":0},"end":{"line":6,"column":13}}},"fnMap":{"0":{"name":"(anonymous_1)","decl":{"start":{"line":7,"column":4},"end":{"line":7,"column":9}},"loc":{"start":{"line":7,"column":53},"end":{"line":77,"column":5}}},"1":{"name":"(anonymous_2)","decl":{"start":{"line":79,"column":4},"end":{"line":79,"column":9}},"loc":{"start":{"line":79,"column":58},"end":{"line":120,"column":5}}},"2":{"name":"(anonymous_3)","decl":{"start":{"line":93,"column":33},"end":{"line":93,"column":38}},"loc":{"start":{"line":93,"column":55},"end":{"line":106,"column":17}}},"3":{"name":"(anonymous_4)","decl":{"start":{"line":122,"column":4},"end":{"line":122,"column":9}},"loc":{"start":{"line":122,"column":59},"end":{"line":163,"column":5}}},"4":{"name":"(anonymous_5)","decl":{"start":{"line":136,"column":33},"end":{"line":136,"column":38}},"loc":{"start":{"line":136,"column":55},"end":{"line":149,"column":17}}},"5":{"name":"(anonymous_6)","decl":{"start":{"line":165,"column":4},"end":{"line":165,"column":9}},"loc":{"start":{"line":165,"column":56},"end":{"line":189,"column":5}}},"6":{"name":"(anonymous_7)","decl":{"start":{"line":191,"column":4},"end":{"line":191,"column":9}},"loc":{"start":{"line":191,"column":61},"end":{"line":228,"column":5}}},"7":{"name":"(anonymous_8)","decl":{"start":{"line":230,"column":4},"end":{"line":230,"column":9}},"loc":{"start":{"line":230,"column":55},"end":{"line":254,"column":5}}},"8":{"name":"(anonymous_9)","decl":{"start":{"line":256,"column":4},"end":{"line":256,"column":9}},"loc":{"start":{"line":256,"column":55},"end":{"line":301,"column":5}}}},"branchMap":{"0":{"loc":{"start":{"line":21,"column":12},"end":{"line":26,"column":13}},"type":"if","locations":[{"start":{"line":21,"column":12},"end":{"line":26,"column":13}},{"start":{},"end":{}}]},"1":{"loc":{"start":{"line":21,"column":16},"end":{"line":21,"column":135}},"type":"binary-expr","locations":[{"start":{"line":21,"column":16},"end":{"line":21,"column":23}},{"start":{"line":21,"column":27},"end":{"line":21,"column":35}},{"start":{"line":21,"column":39},"end":{"line":21,"column":48}},{"start":{"line":21,"column":52},"end":{"line":21,"column":63}},{"start":{"line":21,"column":67},"end":{"line":21,"column":79}},{"start":{"line":21,"column":83},"end":{"line":21,"column":95}},{"start":{"line":21,"column":99},"end":{"line":21,"column":115}},{"start":{"line":21,"column":119},"end":{"line":21,"column":135}}]},"2":{"loc":{"start":{"line":29,"column":12},"end":{"line":34,"column":13}},"type":"if","locations":[{"start":{"line":29,"column":12},"end":{"line":34,"column":13}},{"start":{},"end":{}}]},"3":{"loc":{"start":{"line":43,"column":12},"end":{"line":48,"column":13}},"type":"if","locations":[{"start":{"line":43,"column":12},"end":{"line":48,"column":13}},{"start":{},"end":{}}]},"4":{"loc":{"start":{"line":59,"column":25},"end":{"line":59,"column":38}},"type":"binary-expr","locations":[{"start":{"line":59,"column":25},"end":{"line":59,"column":32}},{"start":{"line":59,"column":36},"end":{"line":59,"column":38}}]},"5":{"loc":{"start":{"line":74,"column":25},"end":{"line":74,"column":70}},"type":"binary-expr","locations":[{"start":{"line":74,"column":25},"end":{"line":74,"column":38}},{"start":{"line":74,"column":42},"end":{"line":74,"column":70}}]},"6":{"loc":{"start":{"line":85,"column":12},"end":{"line":87,"column":13}},"type":"if","locations":[{"start":{"line":85,"column":12},"end":{"line":87,"column":13}},{"start":{},"end":{}}]},"7":{"loc":{"start":{"line":97,"column":30},"end":{"line":104,"column":32}},"type":"cond-expr","locations":[{"start":{"line":97,"column":37},"end":{"line":104,"column":26}},{"start":{"line":104,"column":28},"end":{"line":104,"column":32}}]},"8":{"loc":{"start":{"line":117,"column":25},"end":{"line":117,"column":72}},"type":"binary-expr","locations":[{"start":{"line":117,"column":25},"end":{"line":117,"column":38}},{"start":{"line":117,"column":42},"end":{"line":117,"column":72}}]},"9":{"loc":{"start":{"line":128,"column":12},"end":{"line":130,"column":13}},"type":"if","locations":[{"start":{"line":128,"column":12},"end":{"line":130,"column":13}},{"start":{},"end":{}}]},"10":{"loc":{"start":{"line":140,"column":30},"end":{"line":147,"column":32}},"type":"cond-expr","locations":[{"start":{"line":140,"column":37},"end":{"line":147,"column":26}},{"start":{"line":147,"column":28},"end":{"line":147,"column":32}}]},"11":{"loc":{"start":{"line":160,"column":25},"end":{"line":160,"column":72}},"type":"binary-expr","locations":[{"start":{"line":160,"column":25},"end":{"line":160,"column":38}},{"start":{"line":160,"column":42},"end":{"line":160,"column":72}}]},"12":{"loc":{"start":{"line":171,"column":12},"end":{"line":176,"column":13}},"type":"if","locations":[{"start":{"line":171,"column":12},"end":{"line":176,"column":13}},{"start":{},"end":{}}]},"13":{"loc":{"start":{"line":186,"column":25},"end":{"line":186,"column":71}},"type":"binary-expr","locations":[{"start":{"line":186,"column":25},"end":{"line":186,"column":38}},{"start":{"line":186,"column":42},"end":{"line":186,"column":71}}]},"14":{"loc":{"start":{"line":196,"column":12},"end":{"line":201,"column":13}},"type":"if","locations":[{"start":{"line":196,"column":12},"end":{"line":201,"column":13}},{"start":{},"end":{}}]},"15":{"loc":{"start":{"line":209,"column":12},"end":{"line":214,"column":13}},"type":"if","locations":[{"start":{"line":209,"column":12},"end":{"line":214,"column":13}},{"start":{},"end":{}}]},"16":{"loc":{"start":{"line":225,"column":25},"end":{"line":225,"column":72}},"type":"binary-expr","locations":[{"start":{"line":225,"column":25},"end":{"line":225,"column":38}},{"start":{"line":225,"column":42},"end":{"line":225,"column":72}}]},"17":{"loc":{"start":{"line":236,"column":12},"end":{"line":241,"column":13}},"type":"if","locations":[{"start":{"line":236,"column":12},"end":{"line":241,"column":13}},{"start":{},"end":{}}]},"18":{"loc":{"start":{"line":251,"column":25},"end":{"line":251,"column":72}},"type":"binary-expr","locations":[{"start":{"line":251,"column":25},"end":{"line":251,"column":38}},{"start":{"line":251,"column":42},"end":{"line":251,"column":72}}]},"19":{"loc":{"start":{"line":265,"column":12},"end":{"line":270,"column":13}},"type":"if","locations":[{"start":{"line":265,"column":12},"end":{"line":270,"column":13}},{"start":{},"end":{}}]},"20":{"loc":{"start":{"line":265,"column":16},"end":{"line":265,"column":52}},"type":"binary-expr","locations":[{"start":{"line":265,"column":16},"end":{"line":265,"column":32}},{"start":{"line":265,"column":36},"end":{"line":265,"column":52}}]},"21":{"loc":{"start":{"line":277,"column":29},"end":{"line":277,"column":42}},"type":"binary-expr","locations":[{"start":{"line":277,"column":29},"end":{"line":277,"column":36}},{"start":{"line":277,"column":40},"end":{"line":277,"column":42}}]},"22":{"loc":{"start":{"line":282,"column":12},"end":{"line":287,"column":13}},"type":"if","locations":[{"start":{"line":282,"column":12},"end":{"line":287,"column":13}},{"start":{},"end":{}}]},"23":{"loc":{"start":{"line":298,"column":25},"end":{"line":298,"column":72}},"type":"binary-expr","locations":[{"start":{"line":298,"column":25},"end":{"line":298,"column":38}},{"start":{"line":298,"column":42},"end":{"line":298,"column":72}}]}},"s":{"0":6,"1":6,"2":9,"3":9,"4":9,"5":0,"6":9,"7":9,"8":1,"9":8,"10":8,"11":0,"12":8,"13":8,"14":8,"15":0,"16":0,"17":3,"18":3,"19":3,"20":3,"21":3,"22":1,"23":3,"24":3,"25":0,"26":0,"27":3,"28":0,"29":0,"30":0,"31":0,"32":0,"33":0,"34":0,"35":0,"36":0,"37":0,"38":0,"39":0,"40":0,"41":0,"42":0,"43":2,"44":2,"45":2,"46":2,"47":0,"48":2,"49":0,"50":0,"51":2,"52":2,"53":2,"54":2,"55":0,"56":2,"57":2,"58":0,"59":2,"60":0,"61":0,"62":1,"63":1,"64":1,"65":1,"66":0,"67":1,"68":0,"69":0,"70":0,"71":0,"72":0,"73":0,"74":0,"75":0,"76":0,"77":0,"78":0,"79":0,"80":0,"81":6},"f":{"0":9,"1":3,"2":0,"3":0,"4":0,"5":2,"6":2,"7":1,"8":0},"b":{"0":[0,9],"1":[9,9,9,9,9,9,9,9],"2":[1,8],"3":[0,8],"4":[8,8],"5":[0,0],"6":[1,2],"7":[0,0],"8":[0,0],"9":[0,0],"10":[0,0],"11":[0,0],"12":[0,2],"13":[0,0],"14":[0,2],"15":[0,2],"16":[0,0],"17":[0,1],"18":[0,0],"19":[0,0],"20":[0,0],"21":[0,0],"22":[0,0],"23":[0,0]}}
,"C:\\Users\\Deepa\\Desktop\\web_backend\\src\\controller\\auth.controller.ts": {"path":"C:\\Users\\Deepa\\Desktop\\web_backend\\src\\controller\\auth.controller.ts","statementMap":{"0":{"start":{"line":1,"column":0},"end":{"line":1,"column":55}},"1":{"start":{"line":2,"column":0},"end":{"line":2,"column":null}},"2":{"start":{"line":9,"column":0},"end":{"line":9,"column":20}},"3":{"start":{"line":11,"column":20},"end":{"line":11,"column":37}},"4":{"start":{"line":17,"column":4},"end":{"line":42,"column":5}},"5":{"start":{"line":18,"column":25},"end":{"line":18,"column":58}},"6":{"start":{"line":19,"column":6},"end":{"line":24,"column":7}},"7":{"start":{"line":20,"column":8},"end":{"line":23,"column":11}},"8":{"start":{"line":26,"column":38},"end":{"line":26,"column":53}},"9":{"start":{"line":27,"column":22},"end":{"line":27,"column":60}},"10":{"start":{"line":30,"column":40},"end":{"line":30,"column":58}},"11":{"start":{"line":32,"column":6},"end":{"line":36,"column":9}},"12":{"start":{"line":38,"column":6},"end":{"line":41,"column":9}},"13":{"start":{"line":47,"column":4},"end":{"line":73,"column":5}},"14":{"start":{"line":48,"column":25},"end":{"line":48,"column":57}},"15":{"start":{"line":49,"column":6},"end":{"line":54,"column":7}},"16":{"start":{"line":50,"column":8},"end":{"line":53,"column":11}},"17":{"start":{"line":56,"column":38},"end":{"line":56,"column":53}},"18":{"start":{"line":57,"column":30},"end":{"line":57,"column":68}},"19":{"start":{"line":60,"column":40},"end":{"line":60,"column":55}},"20":{"start":{"line":62,"column":6},"end":{"line":67,"column":9}},"21":{"start":{"line":69,"column":6},"end":{"line":72,"column":9}},"22":{"start":{"line":77,"column":2},"end":{"line":110,"column":3}},"23":{"start":{"line":78,"column":4},"end":{"line":80,"column":5}},"24":{"start":{"line":79,"column":6},"end":{"line":79,"column":79}},"25":{"start":{"line":82,"column":4},"end":{"line":87,"column":5}},"26":{"start":{"line":83,"column":6},"end":{"line":86,"column":9}},"27":{"start":{"line":91,"column":19},"end":{"line":93,"column":37}},"28":{"start":{"line":95,"column":24},"end":{"line":97,"column":null}},"29":{"start":{"line":100,"column":4},"end":{"line":104,"column":7}},"30":{"start":{"line":106,"column":4},"end":{"line":109,"column":7}},"31":{"start":{"line":115,"column":4},"end":{"line":168,"column":5}},"32":{"start":{"line":116,"column":6},"end":{"line":118,"column":7}},"33":{"start":{"line":117,"column":8},"end":{"line":117,"column":81}},"34":{"start":{"line":120,"column":21},"end":{"line":120,"column":31}},"35":{"start":{"line":123,"column":6},"end":{"line":128,"column":7}},"36":{"start":{"line":124,"column":8},"end":{"line":127,"column":11}},"37":{"start":{"line":130,"column":25},"end":{"line":130,"column":33}},"38":{"start":{"line":133,"column":6},"end":{"line":144,"column":7}},"39":{"start":{"line":136,"column":23},"end":{"line":138,"column":41}},"40":{"start":{"line":140,"column":8},"end":{"line":140,"column":45}},"41":{"start":{"line":141,"column":13},"end":{"line":144,"column":7}},"42":{"start":{"line":143,"column":8},"end":{"line":143,"column":58}},"43":{"start":{"line":146,"column":26},"end":{"line":146,"column":74}},"44":{"start":{"line":148,"column":6},"end":{"line":153,"column":7}},"45":{"start":{"line":149,"column":8},"end":{"line":152,"column":11}},"46":{"start":{"line":156,"column":40},"end":{"line":156,"column":62}},"47":{"start":{"line":158,"column":6},"end":{"line":162,"column":9}},"48":{"start":{"line":164,"column":6},"end":{"line":167,"column":9}},"49":{"start":{"line":172,"column":4},"end":{"line":194,"column":5}},"50":{"start":{"line":173,"column":25},"end":{"line":173,"column":62}},"51":{"start":{"line":174,"column":6},"end":{"line":179,"column":7}},"52":{"start":{"line":175,"column":8},"end":{"line":178,"column":11}},"53":{"start":{"line":181,"column":24},"end":{"line":181,"column":39}},"54":{"start":{"line":182,"column":21},"end":{"line":182,"column":66}},"55":{"start":{"line":184,"column":6},"end":{"line":187,"column":9}},"56":{"start":{"line":189,"column":6},"end":{"line":189,"column":53}},"57":{"start":{"line":190,"column":6},"end":{"line":193,"column":9}},"58":{"start":{"line":198,"column":4},"end":{"line":228,"column":5}},"59":{"start":{"line":199,"column":24},"end":{"line":199,"column":34}},"60":{"start":{"line":200,"column":6},"end":{"line":205,"column":7}},"61":{"start":{"line":201,"column":8},"end":{"line":204,"column":11}},"62":{"start":{"line":207,"column":25},"end":{"line":207,"column":61}},"63":{"start":{"line":208,"column":6},"end":{"line":213,"column":7}},"64":{"start":{"line":209,"column":8},"end":{"line":212,"column":11}},"65":{"start":{"line":215,"column":27},"end":{"line":215,"column":42}},"66":{"start":{"line":216,"column":6},"end":{"line":216,"column":55}},"67":{"start":{"line":218,"column":6},"end":{"line":221,"column":9}},"68":{"start":{"line":223,"column":6},"end":{"line":223,"column":52}},"69":{"start":{"line":224,"column":6},"end":{"line":227,"column":9}},"70":{"start":{"line":13,"column":0},"end":{"line":13,"column":13}}},"fnMap":{"0":{"name":"(anonymous_1)","decl":{"start":{"line":16,"column":2},"end":{"line":16,"column":7}},"loc":{"start":{"line":16,"column":44},"end":{"line":43,"column":3}}},"1":{"name":"(anonymous_2)","decl":{"start":{"line":46,"column":2},"end":{"line":46,"column":7}},"loc":{"start":{"line":46,"column":41},"end":{"line":74,"column":3}}},"2":{"name":"(anonymous_3)","decl":{"start":{"line":76,"column":2},"end":{"line":76,"column":7}},"loc":{"start":{"line":76,"column":56},"end":{"line":111,"column":1}}},"3":{"name":"(anonymous_4)","decl":{"start":{"line":114,"column":2},"end":{"line":114,"column":7}},"loc":{"start":{"line":114,"column":53},"end":{"line":169,"column":3}}},"4":{"name":"(anonymous_5)","decl":{"start":{"line":171,"column":2},"end":{"line":171,"column":7}},"loc":{"start":{"line":171,"column":50},"end":{"line":195,"column":3}}},"5":{"name":"(anonymous_6)","decl":{"start":{"line":197,"column":2},"end":{"line":197,"column":7}},"loc":{"start":{"line":197,"column":49},"end":{"line":229,"column":3}}}},"branchMap":{"0":{"loc":{"start":{"line":19,"column":6},"end":{"line":24,"column":7}},"type":"if","locations":[{"start":{"line":19,"column":6},"end":{"line":24,"column":7}},{"start":{},"end":{}}]},"1":{"loc":{"start":{"line":38,"column":24},"end":{"line":38,"column":47}},"type":"binary-expr","locations":[{"start":{"line":38,"column":24},"end":{"line":38,"column":40}},{"start":{"line":38,"column":44},"end":{"line":38,"column":47}}]},"2":{"loc":{"start":{"line":40,"column":17},"end":{"line":40,"column":57}},"type":"binary-expr","locations":[{"start":{"line":40,"column":17},"end":{"line":40,"column":30}},{"start":{"line":40,"column":34},"end":{"line":40,"column":57}}]},"3":{"loc":{"start":{"line":49,"column":6},"end":{"line":54,"column":7}},"type":"if","locations":[{"start":{"line":49,"column":6},"end":{"line":54,"column":7}},{"start":{},"end":{}}]},"4":{"loc":{"start":{"line":69,"column":24},"end":{"line":69,"column":47}},"type":"binary-expr","locations":[{"start":{"line":69,"column":24},"end":{"line":69,"column":40}},{"start":{"line":69,"column":44},"end":{"line":69,"column":47}}]},"5":{"loc":{"start":{"line":71,"column":17},"end":{"line":71,"column":57}},"type":"binary-expr","locations":[{"start":{"line":71,"column":17},"end":{"line":71,"column":30}},{"start":{"line":71,"column":34},"end":{"line":71,"column":57}}]},"6":{"loc":{"start":{"line":78,"column":4},"end":{"line":80,"column":5}},"type":"if","locations":[{"start":{"line":78,"column":4},"end":{"line":80,"column":5}},{"start":{},"end":{}}]},"7":{"loc":{"start":{"line":82,"column":4},"end":{"line":87,"column":5}},"type":"if","locations":[{"start":{"line":82,"column":4},"end":{"line":87,"column":5}},{"start":{},"end":{}}]},"8":{"loc":{"start":{"line":106,"column":22},"end":{"line":106,"column":45}},"type":"binary-expr","locations":[{"start":{"line":106,"column":22},"end":{"line":106,"column":38}},{"start":{"line":106,"column":42},"end":{"line":106,"column":45}}]},"9":{"loc":{"start":{"line":108,"column":15},"end":{"line":108,"column":55}},"type":"binary-expr","locations":[{"start":{"line":108,"column":15},"end":{"line":108,"column":28}},{"start":{"line":108,"column":32},"end":{"line":108,"column":55}}]},"10":{"loc":{"start":{"line":116,"column":6},"end":{"line":118,"column":7}},"type":"if","locations":[{"start":{"line":116,"column":6},"end":{"line":118,"column":7}},{"start":{},"end":{}}]},"11":{"loc":{"start":{"line":123,"column":6},"end":{"line":128,"column":7}},"type":"if","locations":[{"start":{"line":123,"column":6},"end":{"line":128,"column":7}},{"start":{},"end":{}}]},"12":{"loc":{"start":{"line":133,"column":6},"end":{"line":144,"column":7}},"type":"if","locations":[{"start":{"line":133,"column":6},"end":{"line":144,"column":7}},{"start":{"line":141,"column":13},"end":{"line":144,"column":7}}]},"13":{"loc":{"start":{"line":141,"column":13},"end":{"line":144,"column":7}},"type":"if","locations":[{"start":{"line":141,"column":13},"end":{"line":144,"column":7}},{"start":{},"end":{}}]},"14":{"loc":{"start":{"line":148,"column":6},"end":{"line":153,"column":7}},"type":"if","locations":[{"start":{"line":148,"column":6},"end":{"line":153,"column":7}},{"start":{},"end":{}}]},"15":{"loc":{"start":{"line":164,"column":24},"end":{"line":164,"column":47}},"type":"binary-expr","locations":[{"start":{"line":164,"column":24},"end":{"line":164,"column":40}},{"start":{"line":164,"column":44},"end":{"line":164,"column":47}}]},"16":{"loc":{"start":{"line":166,"column":17},"end":{"line":166,"column":57}},"type":"binary-expr","locations":[{"start":{"line":166,"column":17},"end":{"line":166,"column":30}},{"start":{"line":166,"column":34},"end":{"line":166,"column":57}}]},"17":{"loc":{"start":{"line":174,"column":6},"end":{"line":179,"column":7}},"type":"if","locations":[{"start":{"line":174,"column":6},"end":{"line":179,"column":7}},{"start":{},"end":{}}]},"18":{"loc":{"start":{"line":190,"column":24},"end":{"line":190,"column":47}},"type":"binary-expr","locations":[{"start":{"line":190,"column":24},"end":{"line":190,"column":40}},{"start":{"line":190,"column":44},"end":{"line":190,"column":47}}]},"19":{"loc":{"start":{"line":192,"column":17},"end":{"line":192,"column":57}},"type":"binary-expr","locations":[{"start":{"line":192,"column":17},"end":{"line":192,"column":30}},{"start":{"line":192,"column":34},"end":{"line":192,"column":57}}]},"20":{"loc":{"start":{"line":200,"column":6},"end":{"line":205,"column":7}},"type":"if","locations":[{"start":{"line":200,"column":6},"end":{"line":205,"column":7}},{"start":{},"end":{}}]},"21":{"loc":{"start":{"line":208,"column":6},"end":{"line":213,"column":7}},"type":"if","locations":[{"start":{"line":208,"column":6},"end":{"line":213,"column":7}},{"start":{},"end":{}}]},"22":{"loc":{"start":{"line":224,"column":24},"end":{"line":224,"column":47}},"type":"binary-expr","locations":[{"start":{"line":224,"column":24},"end":{"line":224,"column":40}},{"start":{"line":224,"column":44},"end":{"line":224,"column":47}}]},"23":{"loc":{"start":{"line":226,"column":17},"end":{"line":226,"column":57}},"type":"binary-expr","locations":[{"start":{"line":226,"column":17},"end":{"line":226,"column":30}},{"start":{"line":226,"column":34},"end":{"line":226,"column":57}}]}},"s":{"0":6,"1":6,"2":6,"3":6,"4":126,"5":126,"6":126,"7":5,"8":121,"9":121,"10":120,"11":120,"12":1,"13":112,"14":112,"15":112,"16":0,"17":112,"18":112,"19":110,"20":110,"21":2,"22":0,"23":0,"24":0,"25":0,"26":0,"27":0,"28":0,"29":0,"30":0,"31":0,"32":0,"33":0,"34":0,"35":0,"36":0,"37":0,"38":0,"39":0,"40":0,"41":0,"42":0,"43":0,"44":0,"45":0,"46":0,"47":0,"48":0,"49":2,"50":2,"51":2,"52":0,"53":2,"54":2,"55":1,"56":1,"57":1,"58":0,"59":0,"60":0,"61":0,"62":0,"63":0,"64":0,"65":0,"66":0,"67":0,"68":0,"69":0,"70":6},"f":{"0":126,"1":112,"2":0,"3":0,"4":2,"5":0},"b":{"0":[5,121],"1":[1,0],"2":[1,0],"3":[0,112],"4":[2,0],"5":[2,0],"6":[0,0],"7":[0,0],"8":[0,0],"9":[0,0],"10":[0,0],"11":[0,0],"12":[0,0],"13":[0,0],"14":[0,0],"15":[0,0],"16":[0,0],"17":[0,2],"18":[1,0],"19":[1,0],"20":[0,0],"21":[0,0],"22":[0,0],"23":[0,0]}}
,"C:\\Users\\Deepa\\Desktop\\web_backend\\src\\controller\\room.type.controller.ts": {"path":"C:\\Users\\Deepa\\Desktop\\web_backend\\src\\controller\\room.type.controller.ts","statementMap":{"0":{"start":{"line":2,"column":0},"end":{"line":2,"column":58}},"1":{"start":{"line":9,"column":30},"end":{"line":41,"column":1}},"2":{"start":{"line":10,"column":2},"end":{"line":40,"column":3}},"3":{"start":{"line":11,"column":33},"end":{"line":11,"column":41}},"4":{"start":{"line":13,"column":4},"end":{"line":18,"column":5}},"5":{"start":{"line":14,"column":6},"end":{"line":17,"column":9}},"6":{"start":{"line":20,"column":21},"end":{"line":23,"column":6}},"7":{"start":{"line":25,"column":4},"end":{"line":28,"column":7}},"8":{"start":{"line":30,"column":4},"end":{"line":35,"column":5}},"9":{"start":{"line":31,"column":6},"end":{"line":34,"column":9}},"10":{"start":{"line":36,"column":4},"end":{"line":39,"column":7}},"11":{"start":{"line":9,"column":13},"end":{"line":9,"column":30}},"12":{"start":{"line":48,"column":31},"end":{"line":62,"column":1}},"13":{"start":{"line":49,"column":2},"end":{"line":61,"column":3}},"14":{"start":{"line":50,"column":22},"end":{"line":50,"column":48}},"15":{"start":{"line":52,"column":4},"end":{"line":55,"column":7}},"16":{"start":{"line":57,"column":4},"end":{"line":60,"column":7}},"17":{"start":{"line":48,"column":13},"end":{"line":48,"column":31}},"18":{"start":{"line":69,"column":31},"end":{"line":90,"column":1}},"19":{"start":{"line":70,"column":2},"end":{"line":89,"column":3}},"20":{"start":{"line":71,"column":21},"end":{"line":71,"column":64}},"21":{"start":{"line":73,"column":4},"end":{"line":78,"column":5}},"22":{"start":{"line":74,"column":6},"end":{"line":77,"column":9}},"23":{"start":{"line":80,"column":4},"end":{"line":83,"column":7}},"24":{"start":{"line":85,"column":4},"end":{"line":88,"column":7}},"25":{"start":{"line":69,"column":13},"end":{"line":69,"column":31}},"26":{"start":{"line":97,"column":30},"end":{"line":130,"column":1}},"27":{"start":{"line":98,"column":2},"end":{"line":129,"column":3}},"28":{"start":{"line":99,"column":33},"end":{"line":99,"column":41}},"29":{"start":{"line":101,"column":21},"end":{"line":110,"column":null}},"30":{"start":{"line":113,"column":4},"end":{"line":118,"column":5}},"31":{"start":{"line":114,"column":6},"end":{"line":117,"column":9}},"32":{"start":{"line":120,"column":4},"end":{"line":123,"column":7}},"33":{"start":{"line":125,"column":4},"end":{"line":128,"column":7}},"34":{"start":{"line":97,"column":13},"end":{"line":97,"column":30}},"35":{"start":{"line":137,"column":30},"end":{"line":160,"column":1}},"36":{"start":{"line":138,"column":2},"end":{"line":159,"column":3}},"37":{"start":{"line":139,"column":21},"end":{"line":139,"column":64}},"38":{"start":{"line":141,"column":4},"end":{"line":146,"column":5}},"39":{"start":{"line":142,"column":6},"end":{"line":145,"column":9}},"40":{"start":{"line":148,"column":4},"end":{"line":148,"column":31}},"41":{"start":{"line":150,"column":4},"end":{"line":153,"column":7}},"42":{"start":{"line":155,"column":4},"end":{"line":158,"column":7}},"43":{"start":{"line":137,"column":13},"end":{"line":137,"column":30}}},"fnMap":{"0":{"name":"(anonymous_0)","decl":{"start":{"line":9,"column":30},"end":{"line":9,"column":35}},"loc":{"start":{"line":9,"column":68},"end":{"line":41,"column":1}}},"1":{"name":"(anonymous_1)","decl":{"start":{"line":48,"column":31},"end":{"line":48,"column":36}},"loc":{"start":{"line":48,"column":70},"end":{"line":62,"column":1}}},"2":{"name":"(anonymous_2)","decl":{"start":{"line":69,"column":31},"end":{"line":69,"column":36}},"loc":{"start":{"line":69,"column":69},"end":{"line":90,"column":1}}},"3":{"name":"(anonymous_3)","decl":{"start":{"line":97,"column":30},"end":{"line":97,"column":35}},"loc":{"start":{"line":97,"column":68},"end":{"line":130,"column":1}}},"4":{"name":"(anonymous_4)","decl":{"start":{"line":137,"column":30},"end":{"line":137,"column":35}},"loc":{"start":{"line":137,"column":68},"end":{"line":160,"column":1}}}},"branchMap":{"0":{"loc":{"start":{"line":13,"column":4},"end":{"line":18,"column":5}},"type":"if","locations":[{"start":{"line":13,"column":4},"end":{"line":18,"column":5}},{"start":{},"end":{}}]},"1":{"loc":{"start":{"line":13,"column":8},"end":{"line":13,"column":49}},"type":"binary-expr","locations":[{"start":{"line":13,"column":8},"end":{"line":13,"column":17}},{"start":{"line":13,"column":21},"end":{"line":13,"column":49}}]},"2":{"loc":{"start":{"line":22,"column":14},"end":{"line":22,"column":32}},"type":"binary-expr","locations":[{"start":{"line":22,"column":14},"end":{"line":22,"column":20}},{"start":{"line":22,"column":24},"end":{"line":22,"column":32}}]},"3":{"loc":{"start":{"line":30,"column":4},"end":{"line":35,"column":5}},"type":"if","locations":[{"start":{"line":30,"column":4},"end":{"line":35,"column":5}},{"start":{},"end":{}}]},"4":{"loc":{"start":{"line":38,"column":15},"end":{"line":38,"column":60}},"type":"binary-expr","locations":[{"start":{"line":38,"column":15},"end":{"line":38,"column":28}},{"start":{"line":38,"column":32},"end":{"line":38,"column":60}}]},"5":{"loc":{"start":{"line":59,"column":15},"end":{"line":59,"column":60}},"type":"binary-expr","locations":[{"start":{"line":59,"column":15},"end":{"line":59,"column":28}},{"start":{"line":59,"column":32},"end":{"line":59,"column":60}}]},"6":{"loc":{"start":{"line":73,"column":4},"end":{"line":78,"column":5}},"type":"if","locations":[{"start":{"line":73,"column":4},"end":{"line":78,"column":5}},{"start":{},"end":{}}]},"7":{"loc":{"start":{"line":104,"column":12},"end":{"line":104,"column":36}},"type":"binary-expr","locations":[{"start":{"line":104,"column":12},"end":{"line":104,"column":20}},{"start":{"line":104,"column":24},"end":{"line":104,"column":36}}]},"8":{"loc":{"start":{"line":105,"column":12},"end":{"line":105,"column":32}},"type":"binary-expr","locations":[{"start":{"line":105,"column":12},"end":{"line":105,"column":18}},{"start":{"line":105,"column":22},"end":{"line":105,"column":32}}]},"9":{"loc":{"start":{"line":113,"column":4},"end":{"line":118,"column":5}},"type":"if","locations":[{"start":{"line":113,"column":4},"end":{"line":118,"column":5}},{"start":{},"end":{}}]},"10":{"loc":{"start":{"line":127,"column":15},"end":{"line":127,"column":60}},"type":"binary-expr","locations":[{"start":{"line":127,"column":15},"end":{"line":127,"column":28}},{"start":{"line":127,"column":32},"end":{"line":127,"column":60}}]},"11":{"loc":{"start":{"line":141,"column":4},"end":{"line":146,"column":5}},"type":"if","locations":[{"start":{"line":141,"column":4},"end":{"line":146,"column":5}},{"start":{},"end":{}}]},"12":{"loc":{"start":{"line":157,"column":15},"end":{"line":157,"column":60}},"type":"binary-expr","locations":[{"start":{"line":157,"column":15},"end":{"line":157,"column":28}},{"start":{"line":157,"column":32},"end":{"line":157,"column":60}}]}},"s":{"0":6,"1":6,"2":43,"3":43,"4":43,"5":0,"6":43,"7":42,"8":1,"9":1,"10":0,"11":6,"12":6,"13":3,"14":3,"15":3,"16":0,"17":6,"18":6,"19":2,"20":2,"21":2,"22":1,"23":1,"24":0,"25":6,"26":6,"27":1,"28":1,"29":1,"30":1,"31":0,"32":1,"33":0,"34":6,"35":6,"36":1,"37":1,"38":1,"39":0,"40":1,"41":1,"42":0,"43":6},"f":{"0":43,"1":3,"2":2,"3":1,"4":1},"b":{"0":[0,43],"1":[43,43],"2":[43,43],"3":[1,0],"4":[0,0],"5":[0,0],"6":[1,1],"7":[1,1],"8":[1,0],"9":[0,1],"10":[0,0],"11":[0,1],"12":[0,0]}}
,"C:\\Users\\Deepa\\Desktop\\web_backend\\src\\dtos\\user.dto.ts": {"path":"C:\\Users\\Deepa\\Desktop\\web_backend\\src\\dtos\\user.dto.ts","statementMap":{"0":{"start":{"line":1,"column":0},"end":{"line":1,"column":20}},"1":{"start":{"line":2,"column":0},"end":{"line":2,"column":48}},"2":{"start":{"line":4,"column":13},"end":{"line":22,"column":null}},"3":{"start":{"line":17,"column":14},"end":{"line":17,"column":77}},"4":{"start":{"line":25,"column":13},"end":{"line":28,"column":3}},"5":{"start":{"line":31,"column":13},"end":{"line":31,"column":50}},"6":{"start":{"line":34,"column":13},"end":{"line":36,"column":3}},"7":{"start":{"line":39,"column":13},"end":{"line":47,"column":7}},"8":{"start":{"line":44,"column":22},"end":{"line":44,"column":60}}},"fnMap":{"0":{"name":"(anonymous_1)","decl":{"start":{"line":17,"column":4},"end":{"line":17,"column":5}},"loc":{"start":{"line":17,"column":14},"end":{"line":17,"column":77}}},"1":{"name":"(anonymous_2)","decl":{"start":{"line":44,"column":12},"end":{"line":44,"column":13}},"loc":{"start":{"line":44,"column":22},"end":{"line":44,"column":60}}}},"branchMap":{"0":{"loc":{"start":{"line":17,"column":14},"end":{"line":17,"column":77}},"type":"binary-expr","locations":[{"start":{"line":17,"column":14},"end":{"line":17,"column":35}},{"start":{"line":17,"column":39},"end":{"line":17,"column":77}}]}},"s":{"0":6,"1":6,"2":6,"3":125,"4":6,"5":6,"6":6,"7":6,"8":0},"f":{"0":125,"1":0},"b":{"0":[125,125]}}
,"C:\\Users\\Deepa\\Desktop\\web_backend\\src\\errors\\http-error.ts": {"path":"C:\\Users\\Deepa\\Desktop\\web_backend\\src\\errors\\http-error.ts","statementMap":{"0":{"start":{"line":4,"column":8},"end":{"line":4,"column":23}},"1":{"start":{"line":5,"column":8},"end":{"line":5,"column":37}},"2":{"start":{"line":1,"column":0},"end":{"line":1,"column":13}}},"fnMap":{"0":{"name":"(anonymous_0)","decl":{"start":{"line":3,"column":4},"end":{"line":3,"column":16}},"loc":{"start":{"line":3,"column":51},"end":{"line":6,"column":5}}}},"branchMap":{},"s":{"0":30,"1":30,"2":9},"f":{"0":30},"b":{}}
[...]
,"C:\\Users\\Deepa\\Desktop\\web_backend\\src\\routes\\add.room.route.ts": {"path":"C:\\Users\\Deepa\\Desktop\\web_backend\\src\\routes\\add.room.route.ts","statementMap":{"0":{"start":{"line":1,"column":0},"end":{"line":1,"column":33}},"1":{"start":{"line":2,"column":0},"end":{"line":2,"column":75}},"2":{"start":{"line":3,"column":0},"end":{"line":3,"column":69}},"3":{"start":{"line":4,"column":0},"end":{"line":4,"column":null}},"4":{"start":{"line":15,"column":15},"end":{"line":15,"column":23}},"5":{"start":{"line":18,"column":0},"end":{"line":23,"column":2}},"6":{"start":{"line":25,"column":0},"end":{"line":30,"column":2}},"7":{"start":{"line":33,"column":0},"end":{"line":33,"column":51}},"8":{"start":{"line":34,"column":0},"end":{"line":34,"column":29}},"9":{"start":{"line":35,"column":0},"end":{"line":35,"column":32}},"10":{"start":{"line":36,"column":0},"end":{"line":36,"column":47}},"11":{"start":{"line":37,"column":0},"end":{"line":37,"column":53}},"12":{"start":{"line":38,"column":0},"end":{"line":38,"column":56}},"13":{"start":{"line":40,"column":0},"end":{"line":40,"column":22}}},"fnMap":{},"branchMap":{},"s":{"0":6,"1":6,"2":6,"3":6,"4":6,"5":6,"6":6,"7":6,"8":6,"9":6,"10":6,"11":6,"12":6,"13":6},"f":{},"b":{}}
,"C:\\Users\\Deepa\\Desktop\\web_backend\\src\\routes\\admin.route.ts": {"path":"C:\\Users\\Deepa\\Desktop\\web_backend\\src\\routes\\admin.route.ts","statementMap":{"0":{"start":{"line":1,"column":0},"end":{"line":1,"column":33}},"1":{"start":{"line":2,"column":0},"end":{"line":2,"column":65}},"2":{"start":{"line":3,"column":0},"end":{"line":3,"column":86}},"3":{"start":{"line":4,"column":0},"end":{"line":4,"column":62}},"4":{"start":{"line":5,"column":0},"end":{"line":5,"column":null}},"5":{"start":{"line":11,"column":24},"end":{"line":11,"column":45}},"6":{"start":{"line":12,"column":15},"end":{"line":12,"column":23}},"7":{"start":{"line":18,"column":0},"end":{"line":24,"column":2}},"8":{"start":{"line":27,"column":0},"end":{"line":32,"column":2}},"9":{"start":{"line":35,"column":0},"end":{"line":40,"column":2}},"10":{"start":{"line":43,"column":0},"end":{"line":49,"column":2}},"11":{"start":{"line":52,"column":0},"end":{"line":57,"column":2}},"12":{"start":{"line":59,"column":0},"end":{"line":64,"column":2}},"13":{"start":{"line":68,"column":0},"end":{"line":73,"column":2}},"14":{"start":{"line":76,"column":0},"end":{"line":81,"column":2}},"15":{"start":{"line":84,"column":0},"end":{"line":89,"column":2}},"16":{"start":{"line":91,"column":0},"end":{"line":91,"column":22}}},"fnMap":{},"branchMap":{},"s":{"0":6,"1":6,"2":6,"3":6,"4":6,"5":6,"6":6,"7":6,"8":6,"9":6,"10":6,"11":6,"12":6,"13":6,"14":6,"15":6,"16":6},"f":{},"b":{}}
,"C:\\Users\\Deepa\\Desktop\\web_backend\\src\\routes\\appointment.route.ts": {"path":"C:\\Users\\Deepa\\Desktop\\web_backend\\src\\routes\\appointment.route.ts","statementMap":{"0":{"start":{"line":1,"column":0},"end":{"line":1,"column":61}},"1":{"start":{"line":2,"column":0},"end":{"line":2,"column":77}},"2":{"start":{"line":3,"column":0},"end":{"line":3,"column":69}},"3":{"start":{"line":5,"column":26},"end":{"line":5,"column":34}},"4":{"start":{"line":57,"column":9},"end":{"line":57,"column":26}},"5":{"start":{"line":6,"column":30},"end":{"line":6,"column":57}},"6":{"start":{"line":9,"column":0},"end":{"line":13,"column":2}},"7":{"start":{"line":12,"column":37},"end":{"line":12,"column":84}},"8":{"start":{"line":16,"column":0},"end":{"line":20,"column":2}},"9":{"start":{"line":19,"column":37},"end":{"line":19,"column":89}},"10":{"start":{"line":23,"column":0},"end":{"line":27,"column":2}},"11":{"start":{"line":26,"column":37},"end":{"line":26,"column":90}},"12":{"start":{"line":30,"column":0},"end":{"line":34,"column":2}},"13":{"start":{"line":33,"column":37},"end":{"line":33,"column":87}},"14":{"start":{"line":37,"column":0},"end":{"line":41,"column":2}},"15":{"start":{"line":40,"column":37},"end":{"line":40,"column":92}},"16":{"start":{"line":44,"column":0},"end":{"line":48,"column":2}},"17":{"start":{"line":47,"column":37},"end":{"line":47,"column":86}},"18":{"start":{"line":51,"column":0},"end":{"line":55,"column":2}},"19":{"start":{"line":54,"column":37},"end":{"line":54,"column":86}}},"fnMap":{"0":{"name":"(anonymous_0)","decl":{"start":{"line":12,"column":4},"end":{"line":12,"column":5}},"loc":{"start":{"line":12,"column":37},"end":{"line":12,"column":84}}},"1":{"name":"(anonymous_1)","decl":{"start":{"line":19,"column":4},"end":{"line":19,"column":5}},"loc":{"start":{"line":19,"column":37},"end":{"line":19,"column":89}}},"2":{"name":"(anonymous_2)","decl":{"start":{"line":26,"column":4},"end":{"line":26,"column":5}},"loc":{"start":{"line":26,"column":37},"end":{"line":26,"column":90}}},"3":{"name":"(anonymous_3)","decl":{"start":{"line":33,"column":4},"end":{"line":33,"column":5}},"loc":{"start":{"line":33,"column":37},"end":{"line":33,"column":87}}},"4":{"name":"(anonymous_4)","decl":{"start":{"line":40,"column":4},"end":{"line":40,"column":5}},"loc":{"start":{"line":40,"column":37},"end":{"line":40,"column":92}}},"5":{"name":"(anonymous_5)","decl":{"start":{"line":47,"column":4},"end":{"line":47,"column":5}},"loc":{"start":{"line":47,"column":37},"end":{"line":47,"column":86}}},"6":{"name":"(anonymous_6)","decl":{"start":{"line":54,"column":4},"end":{"line":54,"column":5}},"loc":{"start":{"line":54,"column":37},"end":{"line":54,"column":86}}}},"branchMap":{},"s":{"0":6,"1":6,"2":6,"3":6,"4":6,"5":6,"6":6,"7":9,"8":6,"9":3,"10":6,"11":0,"12":6,"13":2,"14":6,"15":2,"16":6,"17":0,"18":6,"19":1},"f":{"0":9,"1":3,"2":0,"3":2,"4":2,"5":0,"6":1},"b":{}}
,"C:\\Users\\Deepa\\Desktop\\web_backend\\src\\routes\\auth.route.ts": {"path":"C:\\Users\\Deepa\\Desktop\\web_backend\\src\\routes\\auth.route.ts","statementMap":{"0":{"start":{"line":1,"column":0},"end":{"line":1,"column":33}},"1":{"start":{"line":2,"column":0},"end":{"line":2,"column":63}},"2":{"start":{"line":3,"column":0},"end":{"line":3,"column":69}},"3":{"start":{"line":4,"column":0},"end":{"line":4,"column":62}},"4":{"start":{"line":6,"column":21},"end":{"line":6,"column":41}},"5":{"start":{"line":7,"column":15},"end":{"line":7,"column":23}},"6":{"start":{"line":9,"column":0},"end":{"line":9,"column":null}},"7":{"start":{"line":10,"column":0},"end":{"line":10,"column":null}},"8":{"start":{"line":11,"column":0},"end":{"line":11,"column":null}},"9":{"start":{"line":12,"column":0},"end":{"line":12,"column":null}},"10":{"start":{"line":13,"column":0},"end":{"line":13,"column":128}},"11":{"start":{"line":14,"column":0},"end":{"line":14,"column":113}},"12":{"start":{"line":16,"column":0},"end":{"line":16,"column":22}}},"fnMap":{},"branchMap":{},"s":{"0":6,"1":6,"2":6,"3":6,"4":6,"5":6,"6":6,"7":6,"8":6,"9":6,"10":6,"11":6,"12":6},"f":{},"b":{}}
,"C:\\Users\\Deepa\\Desktop\\web_backend\\src\\routes\\room.type.route.ts": {"path":"C:\\Users\\Deepa\\Desktop\\web_backend\\src\\routes\\room.type.route.ts","statementMap":{"0":{"start":{"line":1,"column":0},"end":{"line":1,"column":33}},"1":{"start":{"line":2,"column":0},"end":{"line":2,"column":null}},"2":{"start":{"line":9,"column":0},"end":{"line":9,"column":86}},"3":{"start":{"line":11,"column":15},"end":{"line":11,"column":23}},"4":{"start":{"line":13,"column":0},"end":{"line":13,"column":33}},"5":{"start":{"line":14,"column":0},"end":{"line":14,"column":72}},"6":{"start":{"line":15,"column":0},"end":{"line":15,"column":36}},"7":{"start":{"line":16,"column":0},"end":{"line":16,"column":74}},"8":{"start":{"line":17,"column":0},"end":{"line":17,"column":77}},"9":{"start":{"line":19,"column":0},"end":{"line":19,"column":22}}},"fnMap":{},"branchMap":{},"s":{"0":6,"1":6,"2":6,"3":6,"4":6,"5":6,"6":6,"7":6,"8":6,"9":6},"f":{},"b":{}}
,"C:\\Users\\Deepa\\Desktop\\web_backend\\src\\services\\admin.service.ts": {"path":"C:\\Users\\Deepa\\Desktop\\web_backend\\src\\services\\admin.service.ts","statementMap":{"0":{"start":{"line":2,"column":0},"end":{"line":2,"column":65}},"1":{"start":{"line":3,"column":0},"end":{"line":3,"column":49}},"2":{"start":{"line":5,"column":23},"end":{"line":5,"column":43}},"3":{"start":{"line":10,"column":23},"end":{"line":10,"column":84}},"4":{"start":{"line":11,"column":4},"end":{"line":13,"column":5}},"5":{"start":{"line":12,"column":6},"end":{"line":12,"column":55}},"6":{"start":{"line":16,"column":20},"end":{"line":16,"column":57}},"7":{"start":{"line":17,"column":4},"end":{"line":17,"column":19}},"8":{"start":{"line":22,"column":29},"end":{"line":22,"column":80}},"9":{"start":{"line":23,"column":23},"end":{"line":23,"column":52}},"10":{"start":{"line":24,"column":4},"end":{"line":24,"column":53}},"11":{"start":{"line":29,"column":17},"end":{"line":29,"column":53}},"12":{"start":{"line":30,"column":4},"end":{"line":32,"column":5}},"13":{"start":{"line":31,"column":6},"end":{"line":31,"column":49}},"14":{"start":{"line":33,"column":4},"end":{"line":33,"column":16}},"15":{"start":{"line":38,"column":24},"end":{"line":38,"column":71}},"16":{"start":{"line":39,"column":4},"end":{"line":41,"column":5}},"17":{"start":{"line":40,"column":6},"end":{"line":40,"column":49}},"18":{"start":{"line":42,"column":4},"end":{"line":42,"column":23}},"19":{"start":{"line":47,"column":19},"end":{"line":47,"column":54}},"20":{"start":{"line":48,"column":4},"end":{"line":50,"column":5}},"21":{"start":{"line":49,"column":6},"end":{"line":49,"column":49}},"22":{"start":{"line":51,"column":4},"end":{"line":51,"column":18}},"23":{"start":{"line":7,"column":0},"end":{"line":7,"column":13}}},"fnMap":{"0":{"name":"(anonymous_0)","decl":{"start":{"line":9,"column":2},"end":{"line":9,"column":7}},"loc":{"start":{"line":9,"column":38},"end":{"line":18,"column":3}}},"1":{"name":"(anonymous_1)","decl":{"start":{"line":21,"column":2},"end":{"line":21,"column":7}},"loc":{"start":{"line":21,"column":47},"end":{"line":25,"column":3}}},"2":{"name":"(anonymous_2)","decl":{"start":{"line":28,"column":2},"end":{"line":28,"column":7}},"loc":{"start":{"line":28,"column":30},"end":{"line":34,"column":3}}},"3":{"name":"(anonymous_3)","decl":{"start":{"line":37,"column":2},"end":{"line":37,"column":7}},"loc":{"start":{"line":37,"column":65},"end":{"line":43,"column":3}}},"4":{"name":"(anonymous_4)","decl":{"start":{"line":46,"column":2},"end":{"line":46,"column":7}},"loc":{"start":{"line":46,"column":29},"end":{"line":52,"column":3}}}},"branchMap":{"0":{"loc":{"start":{"line":11,"column":4},"end":{"line":13,"column":5}},"type":"if","locations":[{"start":{"line":11,"column":4},"end":{"line":13,"column":5}},{"start":{},"end":{}}]},"1":{"loc":{"start":{"line":23,"column":23},"end":{"line":23,"column":52}},"type":"binary-expr","locations":[{"start":{"line":23,"column":23},"end":{"line":23,"column":47}},{"start":{"line":23,"column":51},"end":{"line":23,"column":52}}]},"2":{"loc":{"start":{"line":30,"column":4},"end":{"line":32,"column":5}},"type":"if","locations":[{"start":{"line":30,"column":4},"end":{"line":32,"column":5}},{"start":{},"end":{}}]},"3":{"loc":{"start":{"line":39,"column":4},"end":{"line":41,"column":5}},"type":"if","locations":[{"start":{"line":39,"column":4},"end":{"line":41,"column":5}},{"start":{},"end":{}}]},"4":{"loc":{"start":{"line":48,"column":4},"end":{"line":50,"column":5}},"type":"if","locations":[{"start":{"line":48,"column":4},"end":{"line":50,"column":5}},{"start":{},"end":{}}]}},"s":{"0":6,"1":6,"2":6,"3":1,"4":1,"5":0,"6":1,"7":1,"8":3,"9":3,"10":3,"11":2,"12":2,"13":1,"14":1,"15":2,"16":2,"17":0,"18":2,"19":1,"20":1,"21":0,"22":1,"23":6},"f":{"0":1,"1":3,"2":2,"3":2,"4":1},"b":{"0":[0,1],"1":[3,0],"2":[1,1],"3":[0,2],"4":[0,1]}}
,"C:\\Users\\Deepa\\Desktop\\web_backend\\src\\services\\user.service.ts": {"path":"C:\\Users\\Deepa\\Desktop\\web_backend\\src\\services\\user.service.ts","statementMap":{"0":{"start":{"line":2,"column":0},"end":{"line":2,"column":65}},"1":{"start":{"line":3,"column":0},"end":{"line":3,"column":32}},"2":{"start":{"line":4,"column":0},"end":{"line":4,"column":49}},"3":{"start":{"line":5,"column":0},"end":{"line":5,"column":31}},"4":{"start":{"line":6,"column":0},"end":{"line":6,"column":28}},"5":{"start":{"line":7,"column":0},"end":{"line":7,"column":44}},"6":{"start":{"line":8,"column":0},"end":{"line":8,"column":null}},"7":{"start":{"line":15,"column":23},"end":{"line":15,"column":43}},"8":{"start":{"line":19,"column":27},"end":{"line":19,"column":88}},"9":{"start":{"line":20,"column":8},"end":{"line":22,"column":9}},"10":{"start":{"line":21,"column":12},"end":{"line":21,"column":61}},"11":{"start":{"line":25,"column":24},"end":{"line":25,"column":61}},"12":{"start":{"line":26,"column":8},"end":{"line":26,"column":23}},"13":{"start":{"line":30,"column":21},"end":{"line":30,"column":82}},"14":{"start":{"line":31,"column":8},"end":{"line":33,"column":9}},"15":{"start":{"line":32,"column":12},"end":{"line":32,"column":60}},"16":{"start":{"line":35,"column":30},"end":{"line":35,"column":82}},"17":{"start":{"line":37,"column":8},"end":{"line":39,"column":9}},"18":{"start":{"line":38,"column":12},"end":{"line":38,"column":60}},"19":{"start":{"line":41,"column":24},"end":{"line":44,"column":null}},"20":{"start":{"line":45,"column":22},"end":{"line":45,"column":73}},"21":{"start":{"line":46,"column":8},"end":{"line":46,"column":null}},"22":{"start":{"line":50,"column":28},"end":{"line":50,"column":87}},"23":{"start":{"line":51,"column":8},"end":{"line":53,"column":9}},"24":{"start":{"line":52,"column":12},"end":{"line":52,"column":55}},"25":{"start":{"line":54,"column":42},"end":{"line":54,"column":64}},"26":{"start":{"line":55,"column":8},"end":{"line":55,"column":24}},"27":{"start":{"line":59,"column":21},"end":{"line":59,"column":57}},"28":{"start":{"line":60,"column":8},"end":{"line":62,"column":9}},"29":{"start":{"line":61,"column":12},"end":{"line":61,"column":55}},"30":{"start":{"line":63,"column":8},"end":{"line":63,"column":20}},"31":{"start":{"line":67,"column":28},"end":{"line":67,"column":75}},"32":{"start":{"line":68,"column":8},"end":{"line":70,"column":9}},"33":{"start":{"line":69,"column":12},"end":{"line":69,"column":55}},"34":{"start":{"line":71,"column":8},"end":{"line":71,"column":27}},"35":{"start":{"line":75,"column":21},"end":{"line":75,"column":77}},"36":{"start":{"line":76,"column":8},"end":{"line":78,"column":9}},"37":{"start":{"line":77,"column":12},"end":{"line":77,"column":55}},"38":{"start":{"line":80,"column":27},"end":{"line":80,"column":65}},"39":{"start":{"line":81,"column":31},"end":{"line":84,"column":26}},"40":{"start":{"line":86,"column":8},"end":{"line":86,"column":49}},"41":{"start":{"line":87,"column":8},"end":{"line":89,"column":10}},"42":{"start":{"line":91,"column":8},"end":{"line":91,"column":55}},"43":{"start":{"line":93,"column":24},"end":{"line":93,"column":78}},"44":{"start":{"line":94,"column":26},"end":{"line":94,"column":52}},"45":{"start":{"line":96,"column":21},"end":{"line":101,"column":10}},"46":{"start":{"line":103,"column":8},"end":{"line":103,"column":65}},"47":{"start":{"line":105,"column":8},"end":{"line":105,"column":56}},"48":{"start":{"line":109,"column":26},"end":{"line":109,"column":81}},"49":{"start":{"line":111,"column":21},"end":{"line":111,"column":72}},"50":{"start":{"line":112,"column":8},"end":{"line":114,"column":9}},"51":{"start":{"line":113,"column":12},"end":{"line":113,"column":65}},"52":{"start":{"line":116,"column":8},"end":{"line":116,"column":36}},"53":{"start":{"line":117,"column":8},"end":{"line":117,"column":44}},"54":{"start":{"line":118,"column":8},"end":{"line":118,"column":45}},"55":{"start":{"line":120,"column":8},"end":{"line":120,"column":26}},"56":{"start":{"line":121,"column":8},"end":{"line":121,"column":20}},"57":{"start":{"line":17,"column":0},"end":{"line":17,"column":13}}},"fnMap":{"0":{"name":"(anonymous_1)","decl":{"start":{"line":18,"column":4},"end":{"line":18,"column":9}},"loc":{"start":{"line":18,"column":40},"end":{"line":27,"column":5}}},"1":{"name":"(anonymous_2)","decl":{"start":{"line":29,"column":4},"end":{"line":29,"column":9}},"loc":{"start":{"line":29,"column":38},"end":{"line":47,"column":5}}},"2":{"name":"(anonymous_3)","decl":{"start":{"line":49,"column":4},"end":{"line":49,"column":9}},"loc":{"start":{"line":49,"column":69},"end":{"line":56,"column":5}}},"3":{"name":"(anonymous_4)","decl":{"start":{"line":58,"column":4},"end":{"line":58,"column":9}},"loc":{"start":{"line":58,"column":32},"end":{"line":64,"column":5}}},"4":{"name":"(anonymous_5)","decl":{"start":{"line":66,"column":4},"end":{"line":66,"column":9}},"loc":{"start":{"line":66,"column":71},"end":{"line":72,"column":5}}},"5":{"name":"(anonymous_6)","decl":{"start":{"line":74,"column":4},"end":{"line":74,"column":9}},"loc":{"start":{"line":74,"column":44},"end":{"line":106,"column":5}}},"6":{"name":"(anonymous_7)","decl":{"start":{"line":108,"column":4},"end":{"line":108,"column":9}},"loc":{"start":{"line":108,"column":58},"end":{"line":122,"column":5}}}},"branchMap":{"0":{"loc":{"start":{"line":20,"column":8},"end":{"line":22,"column":9}},"type":"if","locations":[{"start":{"line":20,"column":8},"end":{"line":22,"column":9}},{"start":{},"end":{}}]},"1":{"loc":{"start":{"line":31,"column":8},"end":{"line":33,"column":9}},"type":"if","locations":[{"start":{"line":31,"column":8},"end":{"line":33,"column":9}},{"start":{},"end":{}}]},"2":{"loc":{"start":{"line":37,"column":8},"end":{"line":39,"column":9}},"type":"if","locations":[{"start":{"line":37,"column":8},"end":{"line":39,"column":9}},{"start":{},"end":{}}]},"3":{"loc":{"start":{"line":51,"column":8},"end":{"line":53,"column":9}},"type":"if","locations":[{"start":{"line":51,"column":8},"end":{"line":53,"column":9}},{"start":{},"end":{}}]},"4":{"loc":{"start":{"line":60,"column":8},"end":{"line":62,"column":9}},"type":"if","locations":[{"start":{"line":60,"column":8},"end":{"line":62,"column":9}},{"start":{},"end":{}}]},"5":{"loc":{"start":{"line":68,"column":8},"end":{"line":70,"column":9}},"type":"if","locations":[{"start":{"line":68,"column":8},"end":{"line":70,"column":9}},{"start":{},"end":{}}]},"6":{"loc":{"start":{"line":76,"column":8},"end":{"line":78,"column":9}},"type":"if","locations":[{"start":{"line":76,"column":8},"end":{"line":78,"column":9}},{"start":{},"end":{}}]},"7":{"loc":{"start":{"line":93,"column":24},"end":{"line":93,"column":78}},"type":"binary-expr","locations":[{"start":{"line":93,"column":24},"end":{"line":93,"column":42}},{"start":{"line":93,"column":46},"end":{"line":93,"column":78}}]},"8":{"loc":{"start":{"line":112,"column":8},"end":{"line":114,"column":9}},"type":"if","locations":[{"start":{"line":112,"column":8},"end":{"line":114,"column":9}},{"start":{},"end":{}}]}},"s":{"0":6,"1":6,"2":6,"3":6,"4":6,"5":6,"6":6,"7":6,"8":121,"9":121,"10":1,"11":120,"12":120,"13":112,"14":112,"15":1,"16":111,"17":111,"18":1,"19":110,"20":110,"21":110,"22":0,"23":0,"24":0,"25":0,"26":0,"27":0,"28":0,"29":0,"30":0,"31":0,"32":0,"33":0,"34":0,"35":2,"36":2,"37":1,"38":1,"39":1,"40":1,"41":1,"42":1,"43":1,"44":1,"45":1,"46":1,"47":1,"48":0,"49":0,"50":0,"51":0,"52":0,"53":0,"54":0,"55":0,"56":0,"57":6},"f":{"0":121,"1":112,"2":0,"3":0,"4":0,"5":2,"6":0},"b":{"0":[1,120],"1":[1,111],"2":[1,110],"3":[0,0],"4":[0,0],"5":[0,0],"6":[1,1],"7":[1,0],"8":[0,0]}}
,"C:\\Users\\Deepa\\Desktop\\web_backend\\src\\types\\user.type.ts": {"path":"C:\\Users\\Deepa\\Desktop\\web_backend\\src\\types\\user.type.ts","statementMap":{"0":{"start":{"line":1,"column":0},"end":{"line":1,"column":20}},"1":{"start":{"line":3,"column":13},"end":{"line":9,"column":3}}},"fnMap":{},"branchMap":{},"s":{"0":7,"1":7},"f":{},"b":{}}
}
