TN:
SF:src\app.ts
FN:20,(anonymous_1)
FN:46,(anonymous_2)
FN:51,(anonymous_3)
FNF:3
FNH:2
FNDA:371,(anonymous_1)
FNDA:0,(anonymous_2)
FNDA:1,(anonymous_3)
DA:1,6
DA:2,6
DA:3,6
DA:4,6
DA:5,6
DA:6,6
DA:9,6
DA:10,6
DA:11,6
DA:12,6
DA:13,6
DA:15,6
DA:17,6
DA:19,6
DA:22,371
DA:29,6
DA:32,6
DA:35,6
DA:36,6
DA:39,6
DA:40,6
DA:41,6
DA:42,6
DA:43,6
DA:46,6
DA:47,0
DA:51,6
DA:52,1
DA:53,0
DA:55,1
DA:58,6
LF:31
LH:29
BRDA:52,0,0,0
BRDA:52,0,1,1
BRDA:55,1,0,1
BRDA:55,1,1,0
BRF:4
BRH:2
end_of_record
TN:
SF:src\config\email.ts
FN:17,(anonymous_1)
FNF:1
FNH:0
FNDA:0,(anonymous_1)
DA:1,5
DA:2,5
DA:4,5
DA:6,5
DA:7,5
DA:9,5
DA:17,5
DA:18,0
DA:19,0
DA:21,0
DA:27,0
LF:11
LH:7
BRDA:6,0,0,5
BRDA:6,0,1,0
BRDA:7,1,0,5
BRDA:7,1,1,0
BRDA:18,2,0,0
BRDA:18,2,1,0
BRDA:18,3,0,0
BRDA:18,3,1,0
BRF:8
BRH:2
end_of_record
TN:
SF:src\config\index.ts
FNF:0
FNH:0
DA:1,7
DA:3,7
DA:5,7
DA:8,7
DA:11,7
DA:14,7
DA:17,7
DA:20,7
LF:8
LH:8
BRDA:6,0,0,7
BRDA:6,0,1,0
BRDA:9,1,0,7
BRDA:9,1,1,0
BRDA:12,2,0,7
BRDA:12,2,1,0
BRDA:15,3,0,7
BRDA:15,3,1,0
BRDA:18,4,0,7
BRDA:18,4,1,0
BRDA:21,5,0,0
BRDA:21,5,1,7
BRF:12
BRH:6
end_of_record
TN:
SF:src\controller\add.room.controller.ts
FN:7,(anonymous_1)
FN:9,(anonymous_2)
FN:65,(anonymous_3)
FN:98,(anonymous_4)
FN:112,(anonymous_5)
FN:128,(anonymous_6)
FN:151,(anonymous_7)
FN:165,(anonymous_8)
FN:178,(anonymous_9)
FN:192,(anonymous_10)
FN:207,(anonymous_11)
FN:245,(anonymous_12)
FN:272,(anonymous_13)
FN:279,(anonymous_14)
FNF:14
FNH:6
FNDA:29,(anonymous_1)
FNDA:29,(anonymous_2)
FNDA:6,(anonymous_3)
FNDA:4,(anonymous_4)
FNDA:0,(anonymous_5)
FNDA:4,(anonymous_6)
FNDA:1,(anonymous_7)
FNDA:0,(anonymous_8)
FNDA:0,(anonymous_9)
FNDA:0,(anonymous_10)
FNDA:0,(anonymous_11)
FNDA:0,(anonymous_12)
FNDA:0,(anonymous_13)
FNDA:0,(anonymous_14)
DA:2,6
DA:3,6
DA:4,6
DA:5,6
DA:7,29
DA:9,6
DA:10,29
DA:21,29
DA:23,29
DA:25,29
DA:26,29
DA:27,0
DA:34,29
DA:35,29
DA:36,0
DA:37,0
DA:38,0
DA:43,0
DA:46,29
DA:59,29
DA:61,0
DA:65,6
DA:66,6
DA:67,6
DA:68,6
DA:69,6
DA:71,6
DA:72,6
DA:73,6
DA:74,1
DA:75,6
DA:77,6
DA:78,6
DA:85,6
DA:94,0
DA:98,6
DA:99,4
DA:100,4
DA:104,3
DA:106,2
DA:108,1
DA:112,6
DA:113,0
DA:114,0
DA:118,0
DA:124,0
DA:128,6
DA:129,4
DA:130,4
DA:132,4
DA:133,4
DA:136,4
DA:137,1
DA:140,3
DA:141,3
DA:143,3
DA:145,3
DA:147,0
DA:151,6
DA:152,1
DA:153,1
DA:155,1
DA:156,1
DA:159,1
DA:160,0
DA:164,1
DA:165,1
DA:166,0
DA:167,0
DA:170,1
DA:172,1
DA:174,0
DA:178,6
DA:179,0
DA:180,0
DA:182,0
DA:188,0
DA:192,6
DA:193,0
DA:194,0
DA:196,0
DA:202,0
DA:207,6
DA:208,0
DA:209,0
DA:210,0
DA:211,0
DA:213,0
DA:214,0
DA:215,0
DA:216,0
DA:217,0
DA:218,0
DA:224,0
DA:225,0
DA:232,0
DA:241,0
DA:245,6
DA:246,0
DA:247,0
DA:249,0
DA:250,0
DA:256,0
DA:257,0
DA:259,0
DA:260,0
DA:262,0
DA:268,0
DA:272,6
DA:273,0
DA:274,0
DA:275,0
DA:278,0
DA:279,0
DA:280,0
DA:281,0
DA:284,0
DA:286,0
DA:291,0
LF:119
LH:61
BRDA:23,0,0,0
BRDA:23,0,1,29
BRDA:26,1,0,0
BRDA:26,1,1,29
BRDA:26,2,0,29
BRDA:26,2,1,29
BRDA:26,2,2,29
BRDA:26,2,3,29
BRDA:35,3,0,0
BRDA:35,3,1,29
BRDA:37,4,0,0
BRDA:37,4,1,0
BRDA:61,5,0,0
BRDA:61,5,1,0
BRDA:67,6,0,6
BRDA:67,6,1,6
BRDA:68,7,0,6
BRDA:68,7,1,6
BRDA:72,8,0,0
BRDA:72,8,1,6
BRDA:73,9,0,1
BRDA:73,9,1,5
BRDA:75,10,0,0
BRDA:75,10,1,6
BRDA:94,11,0,0
BRDA:94,11,1,0
BRDA:104,12,0,1
BRDA:104,12,1,2
BRDA:108,13,0,1
BRDA:108,13,1,0
BRDA:124,14,0,0
BRDA:124,14,1,0
BRDA:130,15,0,0
BRDA:130,15,1,4
BRDA:133,16,0,0
BRDA:133,16,1,4
BRDA:136,17,0,1
BRDA:136,17,1,3
BRDA:136,18,0,4
BRDA:136,18,1,1
BRDA:147,19,0,0
BRDA:147,19,1,0
BRDA:153,20,0,0
BRDA:153,20,1,1
BRDA:156,21,0,0
BRDA:156,21,1,1
BRDA:159,22,0,0
BRDA:159,22,1,1
BRDA:164,23,0,1
BRDA:164,23,1,0
BRDA:164,24,0,1
BRDA:164,24,1,0
BRDA:167,25,0,0
BRDA:167,25,1,0
BRDA:174,26,0,0
BRDA:174,26,1,0
BRDA:180,27,0,0
BRDA:180,27,1,0
BRDA:188,28,0,0
BRDA:188,28,1,0
BRDA:194,29,0,0
BRDA:194,29,1,0
BRDA:202,30,0,0
BRDA:202,30,1,0
BRDA:209,31,0,0
BRDA:209,31,1,0
BRDA:210,32,0,0
BRDA:210,32,1,0
BRDA:214,33,0,0
BRDA:214,33,1,0
BRDA:215,34,0,0
BRDA:215,34,1,0
BRDA:217,35,0,0
BRDA:217,35,1,0
BRDA:241,36,0,0
BRDA:241,36,1,0
BRDA:249,37,0,0
BRDA:249,37,1,0
BRDA:257,38,0,0
BRDA:257,38,1,0
BRDA:268,39,0,0
BRDA:268,39,1,0
BRDA:275,40,0,0
BRDA:275,40,1,0
BRDA:278,41,0,0
BRDA:278,41,1,0
BRDA:278,42,0,0
BRDA:278,42,1,0
BRDA:281,43,0,0
BRDA:281,43,1,0
BRDA:291,44,0,0
BRDA:291,44,1,0
BRF:92
BRH:29
end_of_record
TN:
SF:src\controller\admin.controller.ts
FN:13,(anonymous_1)
FN:52,(anonymous_2)
FN:77,(anonymous_3)
FN:102,(anonymous_4)
FN:132,(anonymous_5)
FN:174,(anonymous_6)
FN:200,(anonymous_7)
FNF:7
FNH:7
FNDA:1,(anonymous_1)
FNDA:3,(anonymous_2)
FNDA:3,(anonymous_3)
FNDA:2,(anonymous_4)
FNDA:2,(anonymous_5)
FNDA:1,(anonymous_6)
FNDA:1,(anonymous_7)
DA:1,6
DA:2,6
DA:4,6
DA:5,6
DA:6,6
DA:7,6
DA:9,6
DA:11,6
DA:14,1
DA:15,1
DA:16,1
DA:17,0
DA:23,1
DA:26,1
DA:27,0
DA:30,0
DA:33,1
DA:36,1
DA:38,1
DA:44,0
DA:53,3
DA:54,3
DA:55,3
DA:57,3
DA:58,0
DA:64,3
DA:65,0
DA:71,3
DA:77,3
DA:78,3
DA:79,3
DA:82,3
DA:94,0
DA:103,2
DA:104,2
DA:106,2
DA:108,1
DA:109,0
DA:116,1
DA:118,1
DA:124,1
DA:133,2
DA:134,2
DA:135,2
DA:138,2
DA:139,0
DA:142,0
DA:143,2
DA:145,0
DA:148,2
DA:150,2
DA:151,0
DA:158,2
DA:160,2
DA:166,0
DA:175,1
DA:176,1
DA:178,1
DA:180,1
DA:181,0
DA:187,1
DA:193,0
DA:201,1
DA:202,1
DA:208,1
DA:217,0
LF:66
LH:50
BRDA:16,0,0,0
BRDA:16,0,1,1
BRDA:26,1,0,0
BRDA:26,1,1,1
BRDA:44,2,0,0
BRDA:44,2,1,0
BRDA:46,3,0,0
BRDA:46,3,1,0
BRDA:54,4,0,1
BRDA:54,4,1,2
BRDA:55,5,0,1
BRDA:55,5,1,2
BRDA:57,6,0,0
BRDA:57,6,1,3
BRDA:57,7,0,3
BRDA:57,7,1,3
BRDA:64,8,0,0
BRDA:64,8,1,3
BRDA:64,9,0,3
BRDA:64,9,1,3
BRDA:64,9,2,3
BRDA:94,10,0,0
BRDA:94,10,1,0
BRDA:96,11,0,0
BRDA:96,11,1,0
BRDA:108,12,0,0
BRDA:108,12,1,1
BRDA:124,13,0,1
BRDA:124,13,1,0
BRDA:126,14,0,1
BRDA:126,14,1,0
BRDA:138,15,0,0
BRDA:138,15,1,2
BRDA:143,16,0,0
BRDA:143,16,1,2
BRDA:150,17,0,0
BRDA:150,17,1,2
BRDA:166,18,0,0
BRDA:166,18,1,0
BRDA:168,19,0,0
BRDA:168,19,1,0
BRDA:180,20,0,0
BRDA:180,20,1,1
BRDA:193,21,0,0
BRDA:193,21,1,0
BRDA:195,22,0,0
BRDA:195,22,1,0
BRDA:219,23,0,0
BRDA:219,23,1,0
BRF:49
BRH:20
end_of_record
TN:
SF:src\controller\appointment.controller.ts
FN:7,(anonymous_1)
FN:79,(anonymous_2)
FN:93,(anonymous_3)
FN:122,(anonymous_4)
FN:136,(anonymous_5)
FN:165,(anonymous_6)
FN:191,(anonymous_7)
FN:230,(anonymous_8)
FN:256,(anonymous_9)
FNF:9
FNH:5
FNDA:9,(anonymous_1)
FNDA:3,(anonymous_2)
FNDA:0,(anonymous_3)
FNDA:0,(anonymous_4)
FNDA:0,(anonymous_5)
FNDA:2,(anonymous_6)
FNDA:2,(anonymous_7)
FNDA:1,(anonymous_8)
FNDA:0,(anonymous_9)
DA:2,6
DA:3,6
DA:6,6
DA:8,9
DA:19,9
DA:21,9
DA:22,0
DA:28,9
DA:29,9
DA:30,1
DA:37,8
DA:43,8
DA:44,0
DA:50,8
DA:63,8
DA:65,8
DA:71,0
DA:72,0
DA:80,3
DA:81,3
DA:82,3
DA:84,3
DA:85,3
DA:86,1
DA:89,3
DA:92,3
DA:94,0
DA:95,0
DA:109,3
DA:114,0
DA:115,0
DA:123,0
DA:124,0
DA:125,0
DA:127,0
DA:128,0
DA:129,0
DA:132,0
DA:135,0
DA:137,0
DA:138,0
DA:152,0
DA:157,0
DA:158,0
DA:166,2
DA:167,2
DA:169,2
DA:171,2
DA:172,0
DA:178,2
DA:183,0
DA:184,0
DA:192,2
DA:193,2
DA:194,2
DA:196,2
DA:197,0
DA:203,2
DA:209,2
DA:210,0
DA:216,2
DA:222,0
DA:223,0
DA:231,1
DA:232,1
DA:234,1
DA:236,1
DA:237,0
DA:243,1
DA:248,0
DA:249,0
DA:257,0
DA:258,0
DA:263,0
DA:265,0
DA:266,0
DA:272,0
DA:282,0
DA:283,0
DA:289,0
DA:295,0
DA:296,0
LF:82
LH:40
BRDA:21,0,0,0
BRDA:21,0,1,9
BRDA:21,1,0,9
BRDA:21,1,1,9
BRDA:21,1,2,9
BRDA:21,1,3,9
BRDA:21,1,4,9
BRDA:21,1,5,9
BRDA:21,1,6,9
BRDA:21,1,7,9
BRDA:29,2,0,1
BRDA:29,2,1,8
BRDA:43,3,0,0
BRDA:43,3,1,8
BRDA:59,4,0,8
BRDA:59,4,1,8
BRDA:74,5,0,0
BRDA:74,5,1,0
BRDA:85,6,0,1
BRDA:85,6,1,2
BRDA:97,7,0,0
BRDA:97,7,1,0
BRDA:117,8,0,0
BRDA:117,8,1,0
BRDA:128,9,0,0
BRDA:128,9,1,0
BRDA:140,10,0,0
BRDA:140,10,1,0
BRDA:160,11,0,0
BRDA:160,11,1,0
BRDA:171,12,0,0
BRDA:171,12,1,2
BRDA:186,13,0,0
BRDA:186,13,1,0
BRDA:196,14,0,0
BRDA:196,14,1,2
BRDA:209,15,0,0
BRDA:209,15,1,2
BRDA:225,16,0,0
BRDA:225,16,1,0
BRDA:236,17,0,0
BRDA:236,17,1,1
BRDA:251,18,0,0
BRDA:251,18,1,0
BRDA:265,19,0,0
BRDA:265,19,1,0
BRDA:265,20,0,0
BRDA:265,20,1,0
BRDA:277,21,0,0
BRDA:277,21,1,0
BRDA:282,22,0,0
BRDA:282,22,1,0
BRDA:298,23,0,0
BRDA:298,23,1,0
BRF:54
BRH:20
end_of_record
TN:
SF:src\controller\auth.controller.ts
FN:16,(anonymous_1)
FN:46,(anonymous_2)
FN:76,(anonymous_3)
FN:114,(anonymous_4)
FN:171,(anonymous_5)
FN:197,(anonymous_6)
FNF:6
FNH:3
FNDA:126,(anonymous_1)
FNDA:112,(anonymous_2)
FNDA:0,(anonymous_3)
FNDA:0,(anonymous_4)
FNDA:2,(anonymous_5)
FNDA:0,(anonymous_6)
DA:1,6
DA:2,6
DA:9,6
DA:11,6
DA:13,6
DA:17,126
DA:18,126
DA:19,126
DA:20,5
DA:26,121
DA:27,121
DA:30,120
DA:32,120
DA:38,1
DA:47,112
DA:48,112
DA:49,112
DA:50,0
DA:56,112
DA:57,112
DA:60,110
DA:62,110
DA:69,2
DA:77,0
DA:78,0
DA:79,0
DA:82,0
DA:83,0
DA:91,0
DA:95,0
DA:100,0
DA:106,0
DA:115,0
DA:116,0
DA:117,0
DA:120,0
DA:123,0
DA:124,0
DA:130,0
DA:133,0
DA:136,0
DA:140,0
DA:141,0
DA:143,0
DA:146,0
DA:148,0
DA:149,0
DA:156,0
DA:158,0
DA:164,0
DA:172,2
DA:173,2
DA:174,2
DA:175,0
DA:181,2
DA:182,2
DA:184,1
DA:189,1
DA:190,1
DA:198,0
DA:199,0
DA:200,0
DA:201,0
DA:207,0
DA:208,0
DA:209,0
DA:215,0
DA:216,0
DA:218,0
DA:223,0
DA:224,0
LF:71
LH:30
BRDA:19,0,0,5
BRDA:19,0,1,121
BRDA:38,1,0,1
BRDA:38,1,1,0
BRDA:40,2,0,1
BRDA:40,2,1,0
BRDA:49,3,0,0
BRDA:49,3,1,112
BRDA:69,4,0,2
BRDA:69,4,1,0
BRDA:71,5,0,2
BRDA:71,5,1,0
BRDA:78,6,0,0
BRDA:78,6,1,0
BRDA:82,7,0,0
BRDA:82,7,1,0
BRDA:106,8,0,0
BRDA:106,8,1,0
BRDA:108,9,0,0
BRDA:108,9,1,0
BRDA:116,10,0,0
BRDA:116,10,1,0
BRDA:123,11,0,0
BRDA:123,11,1,0
BRDA:133,12,0,0
BRDA:133,12,1,0
BRDA:141,13,0,0
BRDA:141,13,1,0
BRDA:148,14,0,0
BRDA:148,14,1,0
BRDA:164,15,0,0
BRDA:164,15,1,0
BRDA:166,16,0,0
BRDA:166,16,1,0
BRDA:174,17,0,0
BRDA:174,17,1,2
BRDA:190,18,0,1
BRDA:190,18,1,0
BRDA:192,19,0,1
BRDA:192,19,1,0
BRDA:200,20,0,0
BRDA:200,20,1,0
BRDA:208,21,0,0
BRDA:208,21,1,0
BRDA:224,22,0,0
BRDA:224,22,1,0
BRDA:226,23,0,0
BRDA:226,23,1,0
BRF:48
BRH:10
end_of_record
TN:
SF:src\controller\room.type.controller.ts
FN:9,(anonymous_0)
FN:48,(anonymous_1)
FN:69,(anonymous_2)
FN:97,(anonymous_3)
FN:137,(anonymous_4)
FNF:5
FNH:5
FNDA:43,(anonymous_0)
FNDA:3,(anonymous_1)
FNDA:2,(anonymous_2)
FNDA:1,(anonymous_3)
FNDA:1,(anonymous_4)
DA:2,6
DA:9,6
DA:10,43
DA:11,43
DA:13,43
DA:14,0
DA:20,43
DA:25,42
DA:30,1
DA:31,1
DA:36,0
DA:48,6
DA:49,3
DA:50,3
DA:52,3
DA:57,0
DA:69,6
DA:70,2
DA:71,2
DA:73,2
DA:74,1
DA:80,1
DA:85,0
DA:97,6
DA:98,1
DA:99,1
DA:101,1
DA:113,1
DA:114,0
DA:120,1
DA:125,0
DA:137,6
DA:138,1
DA:139,1
DA:141,1
DA:142,0
DA:148,1
DA:150,1
DA:155,0
LF:39
LH:31
BRDA:13,0,0,0
BRDA:13,0,1,43
BRDA:13,1,0,43
BRDA:13,1,1,43
BRDA:22,2,0,43
BRDA:22,2,1,43
BRDA:30,3,0,1
BRDA:30,3,1,0
BRDA:38,4,0,0
BRDA:38,4,1,0
BRDA:59,5,0,0
BRDA:59,5,1,0
BRDA:73,6,0,1
BRDA:73,6,1,1
BRDA:104,7,0,1
BRDA:104,7,1,1
BRDA:105,8,0,1
BRDA:105,8,1,0
BRDA:113,9,0,0
BRDA:113,9,1,1
BRDA:127,10,0,0
BRDA:127,10,1,0
BRDA:141,11,0,0
BRDA:141,11,1,1
BRDA:157,12,0,0
BRDA:157,12,1,0
BRF:26
BRH:13
end_of_record
TN:
SF:src\dtos\user.dto.ts
FN:17,(anonymous_1)
FN:44,(anonymous_2)
FNF:2
FNH:1
FNDA:125,(anonymous_1)
FNDA:0,(anonymous_2)
DA:1,6
DA:2,6
DA:4,6
DA:17,125
DA:25,6
DA:31,6
DA:34,6
DA:39,6
DA:44,0
LF:9
LH:8
BRDA:17,0,0,125
BRDA:17,0,1,125
BRF:2
BRH:2
end_of_record
TN:
SF:src\errors\http-error.ts
FN:3,(anonymous_0)
FNF:1
FNH:1
FNDA:30,(anonymous_0)
DA:1,9
DA:4,30
DA:5,30
LF:3
LH:3
BRF:0
BRH:0
end_of_record
TN:
SF:src\middleware\auth.middleware.ts
FN:15,(anonymous_1)
FN:45,(anonymous_2)
FN:46,(anonymous_3)
FN:68,(anonymous_4)
FNF:4
FNH:4
FNDA:120,(anonymous_1)
FNDA:4,(anonymous_2)
FNDA:4,(anonymous_3)
FNDA:58,(anonymous_4)
DA:2,7
DA:3,7
DA:5,7
DA:6,7
DA:14,7
DA:15,7
DA:20,120
DA:21,120
DA:22,120
DA:23,5
DA:25,115
DA:26,115
DA:28,114
DA:29,111
DA:30,0
DA:33,111
DA:34,111
DA:35,109
DA:36,109
DA:38,11
DA:45,7
DA:46,4
DA:47,4
DA:48,4
DA:50,3
DA:51,1
DA:57,2
DA:59,2
DA:68,7
DA:69,58
DA:70,58
DA:72,58
DA:73,3
DA:79,55
DA:81,3
LF:35
LH:34
BRDA:22,0,0,5
BRDA:22,0,1,115
BRDA:22,1,0,120
BRDA:22,1,1,116
BRDA:26,2,0,1
BRDA:26,2,1,114
BRDA:29,3,0,0
BRDA:29,3,1,111
BRDA:29,4,0,111
BRDA:29,4,1,111
BRDA:34,5,0,2
BRDA:34,5,1,109
BRDA:38,6,0,11
BRDA:38,6,1,3
BRDA:40,7,0,11
BRDA:40,7,1,0
BRDA:48,8,0,1
BRDA:48,8,1,3
BRDA:50,9,0,1
BRDA:50,9,1,2
BRDA:59,10,0,2
BRDA:59,10,1,0
BRDA:61,11,0,2
BRDA:61,11,1,0
BRDA:70,12,0,0
BRDA:70,12,1,58
BRDA:72,13,0,3
BRDA:72,13,1,55
BRDA:81,14,0,3
BRDA:81,14,1,0
BRDA:83,15,0,3
BRDA:83,15,1,0
BRF:32
BRH:25
end_of_record
TN:
SF:src\middleware\upload.middleware.ts
FN:10,(anonymous_1)
FN:18,(anonymous_2)
FN:35,(anonymous_3)
FN:49,(anonymous_4)
FNF:4
FNH:0
FNDA:0,(anonymous_1)
FNDA:0,(anonymous_2)
FNDA:0,(anonymous_3)
FNDA:0,(anonymous_4)
DA:1,6
DA:2,6
DA:3,6
DA:6,6
DA:7,6
DA:10,6
DA:11,0
DA:12,0
DA:17,6
DA:19,0
DA:21,0
DA:22,0
DA:23,0
DA:24,0
DA:25,0
DA:26,0
DA:28,0
DA:31,0
DA:32,0
DA:36,0
DA:38,0
DA:44,0
DA:49,6
DA:50,0
DA:51,0
DA:53,0
DA:54,0
DA:55,0
DA:59,0
DA:60,0
DA:61,0
DA:65,0
DA:69,6
DA:75,6
LF:34
LH:10
BRDA:11,0,0,0
BRDA:11,0,1,0
BRDA:21,1,0,0
BRDA:21,1,1,0
BRDA:23,2,0,0
BRDA:23,2,1,0
BRDA:25,3,0,0
BRDA:25,3,1,0
BRDA:38,4,0,0
BRDA:38,4,1,0
BRDA:40,5,0,0
BRDA:40,5,1,0
BRDA:53,6,0,0
BRDA:53,6,1,0
BRDA:53,7,0,0
BRDA:53,7,1,0
BRDA:54,8,0,0
BRDA:54,8,1,0
BRDA:59,9,0,0
BRDA:59,9,1,0
BRDA:60,10,0,0
BRDA:60,10,1,0
BRF:22
BRH:0
end_of_record
TN:
SF:src\models\add.room.model.ts
FN:96,(anonymous_9)
FNF:1
FNH:1
FNDA:39,(anonymous_9)
DA:1,6
DA:24,6
DA:97,39
DA:98,39
DA:99,39
DA:106,6
DA:108,6
LF:7
LH:7
BRDA:106,0,0,6
BRDA:106,0,1,6
BRF:2
BRH:2
end_of_record
TN:
SF:src\models\appointment.model.ts
FNF:0
FNH:0
DA:1,6
DA:18,6
DA:65,6
LF:3
LH:3
BRF:0
BRH:0
end_of_record
TN:
SF:src\models\room.type.model.ts
FN:30,(anonymous_9)
FNF:1
FNH:1
FNDA:54,(anonymous_9)
DA:1,6
DA:11,6
DA:31,54
DA:32,54
DA:33,54
DA:39,6
LF:6
LH:6
BRF:0
BRH:0
end_of_record
TN:
SF:src\models\user.model.ts
FN:59,(anonymous_10)
FN:67,(anonymous_11)
FN:77,(anonymous_12)
FNF:3
FNH:1
FNDA:122,(anonymous_10)
FNDA:0,(anonymous_11)
FNDA:0,(anonymous_12)
DA:1,8
DA:2,8
DA:3,8
DA:17,8
DA:59,8
DA:60,122
DA:62,121
DA:63,121
DA:67,8
DA:68,0
DA:69,0
DA:71,0
DA:73,0
DA:77,8
DA:80,0
DA:84,8
LF:16
LH:11
BRDA:60,0,0,1
BRDA:60,0,1,121
BRDA:69,1,0,0
BRDA:69,1,1,0
BRDA:71,2,0,0
BRDA:71,2,1,0
BRF:6
BRH:2
end_of_record
TN:
SF:src\repositories\user.repository.ts
FN:14,(anonymous_0)
FN:18,(anonymous_1)
FN:22,(anonymous_2)
FN:26,(anonymous_3)
FN:30,(anonymous_4)
FN:38,(anonymous_5)
FN:45,(anonymous_6)
FN:51,(anonymous_7)
FNF:8
FNH:8
FNDA:122,(anonymous_0)
FNDA:238,(anonymous_1)
FNDA:113,(anonymous_2)
FNDA:1,(anonymous_3)
FNDA:4,(anonymous_4)
FNDA:1,(anonymous_5)
FNDA:3,(anonymous_6)
FNDA:2,(anonymous_7)
DA:1,8
DA:13,8
DA:15,122
DA:16,122
DA:19,238
DA:20,238
DA:23,113
DA:24,113
DA:27,1
DA:28,1
DA:31,4
DA:32,4
DA:36,4
DA:39,1
DA:43,1
DA:46,3
DA:49,3
DA:52,2
DA:53,2
LF:19
LH:19
BRF:0
BRH:0
end_of_record
TN:
SF:src\routes\add.room.route.ts
FNF:0
FNH:0
DA:1,6
DA:2,6
DA:3,6
DA:4,6
DA:15,6
DA:18,6
DA:25,6
DA:33,6
DA:34,6
DA:35,6
DA:36,6
DA:37,6
DA:38,6
DA:40,6
LF:14
LH:14
BRF:0
BRH:0
end_of_record
TN:
SF:src\routes\admin.route.ts
FNF:0
FNH:0
DA:1,6
DA:2,6
DA:3,6
DA:4,6
DA:5,6
DA:11,6
DA:12,6
DA:18,6
DA:27,6
DA:35,6
DA:43,6
DA:52,6
DA:59,6
DA:68,6
DA:76,6
DA:84,6
DA:91,6
LF:17
LH:17
BRF:0
BRH:0
end_of_record
TN:
SF:src\routes\appointment.route.ts
FN:12,(anonymous_0)
FN:19,(anonymous_1)
FN:26,(anonymous_2)
FN:33,(anonymous_3)
FN:40,(anonymous_4)
FN:47,(anonymous_5)
FN:54,(anonymous_6)
FNF:7
FNH:5
FNDA:9,(anonymous_0)
FNDA:3,(anonymous_1)
FNDA:0,(anonymous_2)
FNDA:2,(anonymous_3)
FNDA:2,(anonymous_4)
FNDA:0,(anonymous_5)
FNDA:1,(anonymous_6)
DA:1,6
DA:2,6
DA:3,6
DA:5,6
DA:6,6
DA:9,6
DA:12,9
DA:16,6
DA:19,3
DA:23,6
DA:26,0
DA:30,6
DA:33,2
DA:37,6
DA:40,2
DA:44,6
DA:47,0
DA:51,6
DA:54,1
DA:57,6
LF:20
LH:18
BRF:0
BRH:0
end_of_record
TN:
SF:src\routes\auth.route.ts
FNF:0
FNH:0
DA:1,6
DA:2,6
DA:3,6
DA:4,6
DA:6,6
DA:7,6
DA:9,6
DA:10,6
DA:11,6
DA:12,6
DA:13,6
DA:14,6
DA:16,6
LF:13
LH:13
BRF:0
BRH:0
end_of_record
TN:
SF:src\routes\room.type.route.ts
FNF:0
FNH:0
DA:1,6
DA:2,6
DA:9,6
DA:11,6
DA:13,6
DA:14,6
DA:15,6
DA:16,6
DA:17,6
DA:19,6
LF:10
LH:10
BRF:0
BRH:0
end_of_record
TN:
SF:src\services\admin.service.ts
FN:9,(anonymous_0)
FN:21,(anonymous_1)
FN:28,(anonymous_2)
FN:37,(anonymous_3)
FN:46,(anonymous_4)
FNF:5
FNH:5
FNDA:1,(anonymous_0)
FNDA:3,(anonymous_1)
FNDA:2,(anonymous_2)
FNDA:2,(anonymous_3)
FNDA:1,(anonymous_4)
DA:2,6
DA:3,6
DA:5,6
DA:7,6
DA:10,1
DA:11,1
DA:12,0
DA:16,1
DA:17,1
DA:22,3
DA:23,3
DA:24,3
DA:29,2
DA:30,2
DA:31,1
DA:33,1
DA:38,2
DA:39,2
DA:40,0
DA:42,2
DA:47,1
DA:48,1
DA:49,0
DA:51,1
LF:24
LH:21
BRDA:11,0,0,0
BRDA:11,0,1,1
BRDA:23,1,0,3
BRDA:23,1,1,0
BRDA:30,2,0,1
BRDA:30,2,1,1
BRDA:39,3,0,0
BRDA:39,3,1,2
BRDA:48,4,0,0
BRDA:48,4,1,1
BRF:10
BRH:6
end_of_record
TN:
SF:src\services\user.service.ts
FN:18,(anonymous_1)
FN:29,(anonymous_2)
FN:49,(anonymous_3)
FN:58,(anonymous_4)
FN:66,(anonymous_5)
FN:74,(anonymous_6)
FN:108,(anonymous_7)
FNF:7
FNH:3
FNDA:121,(anonymous_1)
FNDA:112,(anonymous_2)
FNDA:0,(anonymous_3)
FNDA:0,(anonymous_4)
FNDA:0,(anonymous_5)
FNDA:2,(anonymous_6)
FNDA:0,(anonymous_7)
DA:2,6
DA:3,6
DA:4,6
DA:5,6
DA:6,6
DA:7,6
DA:8,6
DA:15,6
DA:17,6
DA:19,121
DA:20,121
DA:21,1
DA:25,120
DA:26,120
DA:30,112
DA:31,112
DA:32,1
DA:35,111
DA:37,111
DA:38,1
DA:41,110
DA:45,110
DA:46,110
DA:50,0
DA:51,0
DA:52,0
DA:54,0
DA:55,0
DA:59,0
DA:60,0
DA:61,0
DA:63,0
DA:67,0
DA:68,0
DA:69,0
DA:71,0
DA:75,2
DA:76,2
DA:77,1
DA:80,1
DA:81,1
DA:86,1
DA:87,1
DA:91,1
DA:93,1
DA:94,1
DA:96,1
DA:103,1
DA:105,1
DA:109,0
DA:111,0
DA:112,0
DA:113,0
DA:116,0
DA:117,0
DA:118,0
DA:120,0
DA:121,0
LF:58
LH:36
BRDA:20,0,0,1
BRDA:20,0,1,120
BRDA:31,1,0,1
BRDA:31,1,1,111
BRDA:37,2,0,1
BRDA:37,2,1,110
BRDA:51,3,0,0
BRDA:51,3,1,0
BRDA:60,4,0,0
BRDA:60,4,1,0
BRDA:68,5,0,0
BRDA:68,5,1,0
BRDA:76,6,0,1
BRDA:76,6,1,1
BRDA:93,7,0,1
BRDA:93,7,1,0
BRDA:112,8,0,0
BRDA:112,8,1,0
BRF:18
BRH:9
end_of_record
TN:
SF:src\types\user.type.ts
FNF:0
FNH:0
DA:1,7
DA:3,7
LF:2
LH:2
BRF:0
BRH:0
end_of_record
